# callgrind format
version: 1
creator: pprofile
event: usphit :microseconds/hit
events: hits microseconds usphit
cmd: ./sys_health.py
fl=/usr/lib/python3.10/glob.py
fn=<module>:1
1 2 19 9
3 1 5 5
4 1 7 7
5 1 6 6
6 1 6 6
7 1 6 6
8 1 6 6
9 1 6 6
11 1 6 6
13 1 6 6
26 1 6 6
53 1 6 6
93 1 5 5
99 1 6 6
112 1 6 6
115 1 6 6
121 1 5 5
128 1 15 15
162 1 6 6
167 1 5 5
177 1 6 6
188 1 6 6
199 1 6 6
205 1 17 17
cfl=/usr/lib/python3.10/re.py
cfn=compile:249
calls=1 249
205 1 4109 4109
206 1 17 17
cfl=/usr/lib/python3.10/re.py
cfn=compile:249
calls=1 249
206 1 3489 3489
208 1 7 7
215 1 6 6
218 1 6 6
224 1 6 6
237 1 7 7
fl=<string>_30
fn=<module>:1
1 2 14 7
fl=/usr/lib/python3.10/functools.py
fn=wraps:65
65 52 152 2
76 104 349 3
77 52 157 3
fn=update_wrapper:35
35 52 156 3
50 312 924 2
51 260 751 2
52 260 809 3
56 260 803 3
57 104 314 3
58 52 182 3
61 52 151 2
63 52 154 2
fl=/usr/lib/python3.10/site-packages/psutil/_psposix.py
fn=<module>:1
1 1 7 7
5 1 12 12
7 1 5 5
8 1 5 5
9 1 6 6
10 1 6 6
11 1 5 5
13 1 17 17
cfl=<frozen importlib._bootstrap>
cfn=parent:404
calls=1 404
13 1 12 12
14 1 14 14
cfl=<frozen importlib._bootstrap>
cfn=parent:404
calls=1 404
14 1 9 9
15 1 14 14
cfl=<frozen importlib._bootstrap>
cfn=parent:404
calls=1 404
15 1 9 9
16 1 13 13
cfl=<frozen importlib._bootstrap>
cfn=parent:404
calls=1 404
16 1 9 9
17 1 13 13
cfl=<frozen importlib._bootstrap>
cfn=parent:404
calls=1 404
17 1 9 9
18 1 12 12
cfl=<frozen importlib._bootstrap>
cfn=parent:404
calls=1 404
18 1 9 9
19 1 13 13
cfl=<frozen importlib._bootstrap>
cfn=parent:404
calls=1 404
19 1 8 8
20 1 14 14
cfl=<frozen importlib._bootstrap>
cfn=parent:404
calls=1 404
20 1 9 9
21 1 13 13
cfl=<frozen importlib._bootstrap>
cfn=parent:404
calls=1 404
21 1 9 9
22 1 13 13
cfl=<frozen importlib._bootstrap>
cfn=parent:404
calls=1 404
22 1 9 9
23 1 18 18
cfl=<frozen importlib._bootstrap>
cfn=parent:404
calls=1 404
23 1 9 9
26 1 5 5
27 1 5 5
32 1 5 5
35 1 4 4
59 1 6 6
60 2 25 12
cfl=/usr/lib/python3.10/enum.py
cfn=__call__:359
calls=1 359
60 1 16064 16064
61 1 26 26
cfl=/usr/lib/python3.10/enum.py
cfn=__iter__:442
calls=1 442
61 1 12 12
cfl=/usr/lib/python3.10/site-packages/psutil/_psposix.py
cfn=<listcomp>:61
calls=1 61
61 1 2051 2051
63 1 4 4
74 2 10 5
75 1 5 5
76 1 5 5
77 1 4 4
78 1 5 5
79 1 5 5
162 1 3 3
211 1 6 6
212 1 15 15
cfl=/usr/lib/python3.10/site-packages/psutil/_common.py
cfn=memoize:379
calls=1 379
212 1 142 142
fn=<listcomp>:61
61 34 527 15
cfl=/usr/lib/python3.10/enum.py
cfn=<genexpr>:446
calls=33 446
61 33 189 5
cfl=/usr/lib/python3.10/types.py
cfn=__get__:176
calls=64 176
61 64 1334 20
fl=<string>_2
fn=<module>:1
1 2 12 6
fl=/usr/lib/python3.10/contextlib.py
fn=contextmanager:252
252 1 11 11
279 1 15 15
cfl=/usr/lib/python3.10/functools.py
cfn=wraps:65
calls=1 65
279 1 13 13
280 1 12 12
cfl=/usr/lib/python3.10/functools.py
cfn=update_wrapper:35
calls=1 35
280 1 83 83
282 1 4 4
fl=<frozen importlib._bootstrap_external>
fn=find_spec:1422
1422 10 33 3
1428 10 40 4
1429 4 14 3
1430 10 94 9
cfl=<frozen importlib._bootstrap_external>
cfn=_get_spec:1390
calls=10 1390
1430 10 12832 1283
1431 10 34 3
1433 10 30 3
1444 10 31 3
fn=_get_spec:1390
1390 10 38 3
1395 10 36 3
1396 26 91 3
1397 26 98 3
1399 26 223 8
cfl=<frozen importlib._bootstrap_external>
cfn=_path_importer_cache:1347
calls=26 1347
1399 26 1286 49
1400 26 86 3
1401 22 81 3
1402 22 219 9
cfl=<frozen importlib._bootstrap_external>
cfn=find_spec:1527
calls=22 1527
1402 22 10472 476
1405 22 77 3
1406 12 40 3
1407 10 43 4
1408 10 35 3
fn=_path_importer_cache:1347
1347 26 87 3
1355 26 81 3
1362 26 82 3
1363 26 88 3
1364 2 8 4
1365 2 18 9
cfl=<frozen importlib._bootstrap_external>
cfn=_path_hooks:1334
calls=2 1334
1365 2 819 409
1366 2 24 12
1367 26 75 2
fn=_path_hooks:1334
1334 2 6 3
1337 2 8 4
1339 4 13 3
1340 4 13 3
1341 4 39 9
cfl=<frozen zipimport>
cfn=__init__:64
calls=2 64
1341 2 145 72
cfl=<frozen importlib._bootstrap_external>
cfn=path_hook_for_FileFinder:1619
calls=2 1619
1341 2 576 288
1342 2 7 3
1343 2 9 4
fn=_path_stat:140
140 46 125 2
147 46 393 8
fn=path_hook_for_FileFinder:1619
1619 2 6 3
1621 2 18 9
cfl=<frozen importlib._bootstrap_external>
cfn=_path_isdir:164
calls=2 164
1621 2 85 42
1623 2 91 45
cfl=<frozen importlib._bootstrap_external>
cfn=__init__:1485
calls=2 1485
1623 2 375 187
fn=_path_isdir:164
164 2 5 2
166 2 6 3
168 2 18 9
cfl=<frozen importlib._bootstrap_external>
cfn=_path_is_mode_type:150
calls=2 150
168 2 54 27
fn=_path_is_mode_type:150
150 15 39 2
152 15 48 3
153 15 119 7
cfl=<frozen importlib._bootstrap_external>
cfn=_path_stat:140
calls=15 140
153 15 130 8
154 3 9 3
155 3 10 3
156 12 40 3
fn=__init__:1485
1485 2 8 4
1489 2 8 4
1490 8 28 3
1491 6 98 16
cfl=<frozen importlib._bootstrap_external>
cfn=<genexpr>:1491
calls=16 1491
1491 16 95 5
1492 2 6 3
1494 2 7 3
1495 2 17 8
cfl=<frozen importlib._bootstrap_external>
cfn=_path_isabs:180
calls=2 180
1495 2 14 7
1496 1 13 13
cfl=<frozen importlib._bootstrap_external>
cfn=_path_join:126
calls=1 126
1496 1 49 49
1497 2 8 4
1498 2 8 4
1499 2 9 4
fn=<genexpr>:1491
1491 32 95 2
fn=_path_isabs:180
180 12 35 2
182 12 48 4
fn=_path_join:126
126 107 283 2
128 214 1145 5
cfl=<frozen importlib._bootstrap_external>
cfn=<listcomp>:128
calls=107 128
128 107 2575 24
129 107 308 2
fn=<listcomp>:128
128 670 1930 2
129 228 644 2
fn=find_spec:1527
1527 22 87 3
1532 22 90 4
1533 22 94 4
1534 22 87 3
1535 22 220 10
cfl=<frozen importlib._bootstrap_external>
cfn=_path_stat:140
calls=22 140
1535 22 289 13
1538 22 93 4
1539 2 22 11
cfl=<frozen importlib._bootstrap_external>
cfn=_fill_cache:1578
calls=2 1578
1539 2 114 57
1540 2 8 4
1542 22 192 8
cfl=<frozen importlib._bootstrap_external>
cfn=_relax_case:71
calls=22 71
1542 22 125 5
1546 22 86 3
1547 22 82 3
1549 22 89 4
1550 1 9 9
cfl=<frozen importlib._bootstrap_external>
cfn=_path_join:126
calls=1 126
1550 1 37 37
1551 4 17 4
1552 4 15 3
1553 4 34 8
cfl=<frozen importlib._bootstrap_external>
cfn=_path_join:126
calls=4 126
1553 4 156 39
1554 4 35 8
cfl=<frozen importlib._bootstrap_external>
cfn=_path_isfile:159
calls=4 159
1554 4 159 39
1555 1 10 10
cfl=<frozen importlib._bootstrap_external>
cfn=_get_spec:1522
calls=1 1522
1555 1 145 145
1561 99 363 3
1562 87 303 3
1563 87 753 8
cfl=<frozen importlib._bootstrap_external>
cfn=_path_join:126
calls=87 126
1563 87 3392 38
1566 87 751 8
cfl=<frozen importlib._bootstrap>
cfn=_verbose_message:244
calls=87 244
1566 87 509 5
1567 87 332 3
1568 9 78 8
cfl=<frozen importlib._bootstrap_external>
cfn=_path_isfile:159
calls=9 159
1568 9 325 36
1569 18 120 6
cfl=<frozen importlib._bootstrap_external>
cfn=_get_spec:1522
calls=9 1522
1569 9 1117 124
1570 9 35 3
1571 12 41 3
1576 12 42 3
fn=_fill_cache:1578
1578 2 8 4
1580 2 8 4
1581 2 10 5
1582 2 55 27
1589 2 10 5
1590 2 11 5
1606 2 8 4
fn=_relax_case:71
71 22 58 2
73 22 66 3
fn=_path_isfile:159
159 13 34 2
161 13 106 8
cfl=<frozen importlib._bootstrap_external>
cfn=_path_is_mode_type:150
calls=13 150
161 13 344 26
fn=_get_spec:1522
1522 10 32 3
1523 10 126 12
cfl=<frozen importlib._bootstrap_external>
cfn=__init__:1040
calls=7 1040
1523 7 67 9
cfl=<frozen importlib._bootstrap_external>
cfn=__init__:1163
calls=3 1163
1523 3 31 10
1524 20 124 6
cfl=<frozen importlib._bootstrap_external>
cfn=spec_from_file_location:721
calls=10 721
1524 10 844 84
1525 10 35 3
fn=__init__:1040
1040 7 20 2
1043 7 24 3
1044 7 22 3
fn=spec_from_file_location:721
721 10 37 3
733 10 38 3
745 10 41 4
746 10 86 8
cfl=<frozen importlib._bootstrap_external>
cfn=_path_isabs:180
calls=10 180
746 10 70 7
758 10 100 10
cfl=<frozen importlib._bootstrap>
cfn=__init__:357
calls=10 357
758 10 255 25
759 10 36 3
762 10 35 3
772 10 35 3
783 10 35 3
784 10 37 3
789 10 35 3
fn=create_module:874
874 14 39 2
fn=_get_cached:510
510 10 27 2
511 10 39 3
512 7 20 2
513 7 68 9
cfl=<frozen importlib._bootstrap_external>
cfn=cache_from_source:380
calls=7 380
513 7 1137 162
516 3 10 3
519 3 9 3
fn=cache_from_source:380
380 14 56 4
398 14 56 4
405 14 56 4
406 14 135 9
cfl=<frozen importlib._bootstrap_external>
cfn=_path_split:132
calls=14 132
406 14 513 36
407 14 63 4
408 14 57 4
409 14 53 3
411 14 58 4
412 14 51 3
413 14 50 3
414 14 50 3
417 14 50 3
418 14 46 3
422 14 52 3
423 14 50 3
448 14 123 8
cfl=<frozen importlib._bootstrap_external>
cfn=_path_join:126
calls=14 126
448 14 676 48
fn=_path_split:132
132 14 44 3
134 14 200 14
cfl=<frozen importlib._bootstrap_external>
cfn=<genexpr>:134
calls=28 134
134 28 171 6
135 14 44 3
137 14 52 3
fn=<genexpr>:134
134 56 171 3
fn=exec_module:877
877 7 21 3
879 7 79 11
cfl=<frozen importlib._bootstrap_external>
cfn=get_code:950
calls=7 950
879 7 5187 741
880 7 22 3
883 7 88 12
cfl=<frozen importlib._bootstrap>
cfn=_call_with_frames_removed:233
calls=7 233
883 7 188178 26882
fn=get_code:950
950 7 32 4
957 7 74 10
cfl=<frozen importlib._bootstrap_external>
cfn=_check_name_wrapper:542
calls=7 542
957 7 170 24
958 7 31 4
959 7 29 4
960 7 29 4
961 7 30 4
962 7 27 3
963 7 28 4
964 7 72 10
cfl=<frozen importlib._bootstrap_external>
cfn=cache_from_source:380
calls=7 380
964 7 1065 152
968 7 29 4
969 7 69 9
cfl=<frozen importlib._bootstrap_external>
cfn=path_stats:1089
calls=7 1089
969 7 179 25
973 7 32 4
974 7 26 3
975 7 76 10
cfl=<frozen importlib._bootstrap_external>
cfn=get_data:1070
calls=7 1070
975 7 374 53
979 7 26 3
980 7 31 4
981 7 28 4
983 7 28 4
984 7 71 10
cfl=<frozen importlib._bootstrap_external>
cfn=_classify_pyc:585
calls=7 585
984 7 284 40
985 7 36 5
986 7 26 3
987 7 26 3
988 7 26 3
989 14 52 3
990 7 25 3
992 7 67 9
cfl=<frozen importlib._bootstrap_external>
cfn=get_data:1070
calls=7 1070
992 7 251 35
993 14 144 10
994 7 24 3
995 7 24 3
997 14 92 6
cfl=<frozen importlib._bootstrap_external>
cfn=_validate_hash_pyc:646
calls=7 646
997 7 48 6
998 7 25 3
1010 14 91 6
cfl=<frozen importlib._bootstrap>
cfn=_verbose_message:244
calls=7 244
1010 7 43 6
1011 7 25 3
1012 14 92 6
cfl=<frozen importlib._bootstrap_external>
cfn=_compile_bytecode:670
calls=7 670
1012 7 1162 166
1013 7 25 3
1014 7 23 3
fn=_check_name_wrapper:542
542 7 22 3
543 7 22 3
545 7 22 3
548 7 62 8
cfl=<frozen importlib._bootstrap_external>
cfn=get_filename:1065
calls=7 1065
548 7 41 5
fn=get_filename:1065
1065 7 19 2
1068 7 21 3
fn=path_stats:1089
1089 7 22 3
1091 7 59 8
cfl=<frozen importlib._bootstrap_external>
cfn=_path_stat:140
calls=7 140
1091 7 70 10
1092 7 26 3
fn=get_data:1070
1070 14 40 2
1072 14 49 3
1073 28 302 10
1074 14 231 16
fn=_classify_pyc:585
585 7 25 3
601 7 26 3
602 7 25 3
606 7 25 3
610 7 61 8
cfl=<frozen importlib._bootstrap_external>
cfn=_unpack_uint32:84
calls=7 84
610 7 69 9
612 7 27 3
615 7 23 3
fn=_unpack_uint32:84
84 7 20 2
86 7 22 3
87 7 25 3
fn=_validate_hash_pyc:646
646 7 22 3
663 7 26 3
fn=_compile_bytecode:670
670 7 22 3
672 7 915 130
673 7 37 5
674 7 68 9
cfl=<frozen importlib._bootstrap>
cfn=_verbose_message:244
calls=7 244
674 7 47 6
675 7 23 3
676 7 24 3
677 7 23 3
fn=__init__:1163
1163 3 9 3
1164 3 11 3
1165 3 10 3
fn=create_module:1174
1174 3 9 3
1176 6 46 7
cfl=<frozen importlib._bootstrap>
cfn=_call_with_frames_removed:233
calls=3 233
1176 3 298 99
1177 3 10 3
1178 6 35 5
cfl=<frozen importlib._bootstrap>
cfn=_verbose_message:244
calls=3 244
1178 3 19 6
1179 3 10 3
1180 3 9 3
fn=exec_module:1182
1182 3 8 2
1184 3 27 9
cfl=<frozen importlib._bootstrap>
cfn=_call_with_frames_removed:233
calls=3 233
1184 3 39 13
1185 6 33 5
cfl=<frozen importlib._bootstrap>
cfn=_verbose_message:244
calls=3 244
1185 3 20 6
1186 3 9 3
fl=<string>_14
fn=<module>:1
1 2 11 5
fl=<string>_29
fn=<module>:1
1 2 12 6
fl=<string>_24
fn=<module>:1
1 2 12 6
fl=<string>_9
fn=<module>:1
1 2 11 5
fl=<string>_27
fn=<module>:1
1 2 13 6
fl=<string>_16
fn=<module>:1
1 2 13 6
fl=/usr/lib/python3.10/sre_compile.py
fn=isstring:595
595 20 51 2
596 20 70 3
fn=compile:759
759 10 34 3
762 10 86 8
cfl=/usr/lib/python3.10/sre_compile.py
cfn=isstring:595
calls=10 595
762 10 57 5
763 10 35 3
764 10 102 10
cfl=/usr/lib/python3.10/sre_parse.py
cfn=parse:937
calls=10 937
764 10 37425 3742
768 10 91 9
cfl=/usr/lib/python3.10/sre_compile.py
cfn=_code:598
calls=10 598
768 10 22730 2273
770 10 38 3
775 10 37 3
776 10 87 8
cfl=/usr/lib/python3.10/sre_parse.py
cfn=groups:81
calls=10 81
776 10 59 5
777 10 44 4
780 20 83 4
781 10 35 3
782 10 81 8
cfl=/usr/lib/python3.10/sre_parse.py
cfn=groups:81
calls=10 81
782 10 52 5
783 10 36 3
fn=_code:598
598 10 30 3
600 10 33 3
601 10 30 3
604 10 96 9
cfl=/usr/lib/python3.10/sre_compile.py
cfn=_compile_info:536
calls=10 536
604 10 9100 910
607 10 110 11
cfl=/usr/lib/python3.10/sre_compile.py
cfn=_compile:71
calls=10 71
607 10 13263 1326
609 10 34 3
611 10 29 2
fn=_compile_info:536
536 10 37 3
540 10 100 10
cfl=/usr/lib/python3.10/sre_parse.py
cfn=getwidth:174
calls=10 174
540 10 3162 316
541 10 42 4
543 10 40 4
547 10 39 3
548 10 36 3
549 10 36 3
550 10 39 3
552 10 99 9
cfl=/usr/lib/python3.10/sre_compile.py
cfn=_get_literal_prefix:461
calls=10 461
552 10 2389 238
554 10 37 3
555 2 21 10
cfl=/usr/lib/python3.10/sre_compile.py
cfn=_get_charset_prefix:492
calls=2 492
555 2 208 104
561 10 35 3
562 10 38 3
563 10 38 3
565 10 34 3
566 10 34 3
567 8 27 3
568 8 27 3
570 2 7 3
571 2 7 3
572 10 38 3
574 10 35 3
575 10 33 3
579 10 38 3
581 10 33 3
582 8 27 3
583 8 25 3
584 3 36 12
585 8 28 3
586 8 28 3
588 8 74 9
cfl=/usr/lib/python3.10/sre_compile.py
cfn=_generate_overlap_table:432
calls=8 432
588 8 1241 155
589 2 6 3
590 2 23 11
cfl=/usr/lib/python3.10/sre_compile.py
cfn=_optimize_charset:276
calls=2 276
590 2 738 369
591 2 7 3
592 2 20 10
cfl=/usr/lib/python3.10/sre_compile.py
cfn=_compile_charset:249
calls=2 249
592 2 81 40
593 10 37 3
fn=_get_literal_prefix:461
461 17 74 4
463 17 71 4
464 17 76 4
465 17 73 4
466 17 153 9
cfl=/usr/lib/python3.10/sre_compile.py
cfn=_get_iscased:453
calls=17 453
466 17 150 8
467 89 339 3
468 89 334 3
469 72 274 3
471 72 272 3
472 17 64 3
473 7 28 4
474 7 63 9
cfl=/usr/lib/python3.10/sre_compile.py
cfn=_combine_flags:65
calls=7 65
474 7 68 9
475 7 26 3
477 7 70 10
cfl=/usr/lib/python3.10/sre_compile.py
cfn=_get_literal_prefix:461
calls=7 461
477 7 368 52
478 7 23 3
479 7 23 3
480 7 23 3
483 7 26 3
484 7 24 3
485 7 24 3
487 10 37 3
490 17 64 3
fn=_get_iscased:453
453 19 51 2
454 19 60 3
455 19 55 2
fn=_combine_flags:65
65 24 72 3
67 24 75 3
69 24 81 3
fn=_get_charset_prefix:492
492 2 8 4
493 4 15 3
494 4 15 3
496 4 15 3
497 4 14 3
498 2 6 3
499 2 8 4
500 2 17 8
cfl=/usr/lib/python3.10/sre_compile.py
cfn=_combine_flags:65
calls=2 65
500 2 19 9
501 2 8 4
504 2 17 8
cfl=/usr/lib/python3.10/sre_compile.py
cfn=_get_iscased:453
calls=2 453
504 2 17 8
505 2 8 4
509 2 7 3
521 2 7 3
522 2 7 3
523 2 6 3
533 2 8 4
fn=_optimize_charset:276
276 20 98 4
278 20 100 5
279 20 101 5
280 20 101 5
281 20 91 4
282 48 212 4
283 28 121 4
284 28 117 4
285 28 132 4
286 12 50 4
295 12 51 4
296 16 68 4
313 16 72 4
316 16 73 4
331 28 125 4
334 20 86 4
335 20 86 4
336 28 133 4
337 28 142 5
338 28 112 4
339 16 64 4
340 12 50 4
341 4 16 4
342 4 16 4
343 8 36 4
344 8 32 4
347 8 34 4
348 20 89 4
350 16 66 4
355 16 64 4
357 16 70 4
360 16 64 4
363 4 15 3
364 4 42 10
cfl=/usr/lib/python3.10/sre_compile.py
cfn=_mk_bitmap:411
calls=4 411
364 4 414 103
365 4 18 4
366 4 15 3
367 4 16 4
fn=_mk_bitmap:411
411 4 13 3
412 4 19 4
413 8 48 6
cfl=/usr/lib/python3.10/sre_compile.py
cfn=<listcomp>:413
calls=4 413
413 4 317 79
414 4 15 3
fn=<listcomp>:413
413 72 225 3
414 32 92 2
fn=_compile_charset:249
249 20 67 3
251 20 73 3
252 40 131 3
253 20 65 3
254 20 62 3
256 20 61 3
258 20 66 3
261 20 61 3
262 4 14 3
263 16 49 3
265 16 49 3
266 16 52 3
268 16 49 3
271 16 51 3
274 20 63 3
fn=_compile:71
71 42 231 5
73 42 227 5
74 42 232 5
75 42 224 5
76 42 218 5
77 42 215 5
78 42 214 5
79 42 215 5
80 42 220 5
81 42 206 4
82 42 208 4
90 171 1169 6
cfl=/usr/lib/python3.10/sre_parse.py
cfn=__getitem__:164
calls=64 164
90 64 575 8
91 129 602 4
92 78 364 4
93 78 360 4
94 78 357 4
119 51 243 4
120 18 222 12
cfl=/usr/lib/python3.10/sre_compile.py
cfn=_optimize_charset:276
calls=18 276
120 18 2471 137
121 18 90 5
123 18 85 4
124 18 84 4
129 18 87 4
130 18 192 10
cfl=/usr/lib/python3.10/sre_compile.py
cfn=_compile_charset:249
calls=18 249
130 18 838 46
131 18 87 4
132 33 153 4
133 1 5 5
136 1 5 5
137 32 151 4
138 17 78 4
140 17 174 10
cfl=/usr/lib/python3.10/sre_compile.py
cfn=_simple:423
calls=17 423
140 17 670 39
141 17 83 4
142 17 79 4
145 17 83 4
146 17 79 4
147 17 81 4
148 17 219 12
cfl=/usr/lib/python3.10/sre_compile.py
cfn=_compile:71
calls=17 71
148 17 5115 300
149 17 82 4
150 17 84 4
162 15 69 4
163 15 68 4
164 15 76 5
165 15 67 4
166 15 69 4
168 15 274 18
cfl=/usr/lib/python3.10/sre_compile.py
cfn=_combine_flags:65
calls=15 65
168 15 140 9
cfl=/usr/lib/python3.10/sre_compile.py
cfn=_compile:71
calls=15 71
168 15 3836 255
169 15 69 4
170 15 68 4
171 15 75 5
fn=_generate_overlap_table:432
432 8 27 3
441 8 30 3
442 72 216 3
443 64 187 2
444 65 207 3
445 64 183 2
446 63 179 2
447 63 181 2
448 1 2 2
450 1 3 3
451 8 22 2
fn=_simple:423
423 17 53 3
425 17 140 8
cfl=/usr/lib/python3.10/sre_parse.py
cfn=__len__:160
calls=17 160
425 17 95 5
427 17 133 7
cfl=/usr/lib/python3.10/sre_parse.py
cfn=__getitem__:164
calls=17 164
427 17 142 8
428 17 51 3
430 17 53 3
fl=<string>_5
fn=<module>:1
1 2 12 6
fl=<string>_19
fn=<module>:1
1 2 11 5
fl=<string>_1
fn=<module>:1
1 2 12 6
fl=<string>_28
fn=<module>:1
1 2 12 6
fl=/usr/lib/python3.10/site-packages/psutil/_common.py
fn=<module>:1
1 1 23 23
5 1 19 19
10 1 16 16
11 1 14 14
13 1 14 14
14 1 14 14
15 1 14 14
16 1 13 13
17 1 14 14
18 1 14 14
19 1 15 15
20 1 14 14
21 1 13 13
22 1 14 14
23 1 37 37
cfl=<frozen importlib._bootstrap>
cfn=_handle_fromlist:1053
calls=1 1053
23 1 36 36
24 1 16 16
25 1 17 17
26 1 15 15
29 1 15 15
30 1 14 14
33 1 13 13
34 1 14 14
38 1 14 14
39 1 15 15
45 1 13 13
46 1 40 40
cfl=/usr/lib/python3.10/os.py
cfn=getenv:771
calls=1 771
46 1 97 97
48 1 14 14
84 1 13 13
85 1 14 14
86 1 17 17
87 1 13 13
88 1 13 13
89 1 14 14
90 1 13 13
91 1 14 14
92 1 13 13
93 1 13 13
94 1 13 13
103 1 13 13
104 1 14 14
105 1 13 13
106 1 13 13
107 1 13 13
108 1 13 13
109 1 13 13
110 1 13 13
111 1 13 13
112 1 13 13
113 1 15 15
114 1 13 13
115 1 15 15
116 1 13 13
119 1 13 13
120 1 15 15
121 1 14 14
122 1 14 14
123 1 13 13
124 1 23 23
125 1 15 15
126 1 13 13
127 1 13 13
128 1 13 13
129 1 13 13
130 1 13 13
133 1 13 13
138 1 108 108
cfl=/usr/lib/python3.10/enum.py
cfn=__prepare__:165
calls=1 165
138 1 393 393
cfl=/usr/lib/python3.10/site-packages/psutil/_common.py
cfn=NicDuplex:138
calls=1 138
138 1 667 667
cfl=/usr/lib/python3.10/enum.py
cfn=__new__:180
calls=1 180
138 1 2856 2856
143 1 40 40
cfl=/usr/lib/python3.10/enum.py
cfn=__members__:451
calls=1 451
143 1 20 20
146 1 14 14
150 1 126 126
cfl=/usr/lib/python3.10/enum.py
cfn=__prepare__:165
calls=1 165
150 1 363 363
cfl=/usr/lib/python3.10/site-packages/psutil/_common.py
cfn=BatteryTime:150
calls=1 150
150 1 501 501
cfl=/usr/lib/python3.10/enum.py
cfn=__new__:180
calls=1 180
150 1 2621 2621
154 1 41 41
cfl=/usr/lib/python3.10/enum.py
cfn=__members__:451
calls=1 451
154 1 12 12
158 1 17 17
159 1 14 14
162 1 14 14
163 1 14 14
175 1 47 47
cfl=/usr/lib/python3.10/collections/__init__.py
cfn=namedtuple:328
calls=1 328
175 1 1095 1095
178 1 43 43
cfl=/usr/lib/python3.10/collections/__init__.py
cfn=namedtuple:328
calls=1 328
178 1 746 746
180 1 42 42
cfl=/usr/lib/python3.10/collections/__init__.py
cfn=namedtuple:328
calls=1 328
180 1 902 902
184 1 44 44
cfl=/usr/lib/python3.10/collections/__init__.py
cfn=namedtuple:328
calls=1 328
184 1 895 895
187 1 44 44
cfl=/usr/lib/python3.10/collections/__init__.py
cfn=namedtuple:328
calls=1 328
187 1 1041 1041
192 1 43 43
cfl=/usr/lib/python3.10/collections/__init__.py
cfn=namedtuple:328
calls=1 328
192 1 828 828
194 1 43 43
cfl=/usr/lib/python3.10/collections/__init__.py
cfn=namedtuple:328
calls=1 328
194 1 958 958
197 2 61 30
cfl=/usr/lib/python3.10/collections/__init__.py
cfn=namedtuple:328
calls=1 328
197 1 1277 1277
198 1 14 14
200 1 37 37
cfl=/usr/lib/python3.10/collections/__init__.py
cfn=namedtuple:328
calls=1 328
200 1 789 789
202 2 57 28
cfl=/usr/lib/python3.10/collections/__init__.py
cfn=namedtuple:328
calls=1 328
202 1 747 747
203 1 14 14
205 1 38 38
cfl=/usr/lib/python3.10/collections/__init__.py
cfn=namedtuple:328
calls=1 328
205 1 668 668
207 2 57 28
cfl=/usr/lib/python3.10/collections/__init__.py
cfn=namedtuple:328
calls=1 328
207 1 740 740
208 1 14 14
210 1 37 37
cfl=/usr/lib/python3.10/collections/__init__.py
cfn=namedtuple:328
calls=1 328
210 1 666 666
212 1 42 42
cfl=/usr/lib/python3.10/collections/__init__.py
cfn=namedtuple:328
calls=1 328
212 1 602 602
217 2 59 29
cfl=/usr/lib/python3.10/collections/__init__.py
cfn=namedtuple:328
calls=1 328
217 1 738 738
218 1 16 16
220 1 36 36
cfl=/usr/lib/python3.10/collections/__init__.py
cfn=namedtuple:328
calls=1 328
220 1 593 593
222 1 54 54
cfl=/usr/lib/python3.10/collections/__init__.py
cfn=namedtuple:328
calls=1 328
222 1 682 682
224 1 46 46
cfl=/usr/lib/python3.10/collections/__init__.py
cfn=namedtuple:328
calls=1 328
224 1 709 709
226 1 42 42
cfl=/usr/lib/python3.10/collections/__init__.py
cfn=namedtuple:328
calls=1 328
226 1 663 663
228 1 77 77
cfl=/usr/lib/python3.10/collections/__init__.py
cfn=namedtuple:328
calls=1 328
228 1 736 736
231 1 44 44
cfl=/usr/lib/python3.10/collections/__init__.py
cfn=namedtuple:328
calls=1 328
231 1 598 598
233 1 42 42
cfl=/usr/lib/python3.10/collections/__init__.py
cfn=namedtuple:328
calls=1 328
233 1 598 598
235 1 53 53
cfl=/usr/lib/python3.10/collections/__init__.py
cfn=namedtuple:328
calls=1 328
235 1 949 949
239 1 44 44
cfl=/usr/lib/python3.10/collections/__init__.py
cfn=namedtuple:328
calls=1 328
239 1 596 596
247 1 13 13
248 1 15 15
249 1 14 14
250 1 13 13
251 1 13 13
252 1 13 13
253 1 13 13
254 1 13 13
255 1 13 13
258 1 13 13
259 2 28 14
260 1 13 13
261 1 13 13
264 1 8 8
265 2 29 14
266 1 14 14
275 1 43 43
cfl=/usr/lib/python3.10/site-packages/psutil/_common.py
cfn=Error:275
calls=1 275
275 1 41 41
309 1 46 46
cfl=/usr/lib/python3.10/site-packages/psutil/_common.py
cfn=NoSuchProcess:309
calls=1 309
309 1 28 28
322 1 47 47
cfl=/usr/lib/python3.10/site-packages/psutil/_common.py
cfn=ZombieProcess:322
calls=1 322
322 1 29 29
337 1 43 43
cfl=/usr/lib/python3.10/site-packages/psutil/_common.py
cfn=AccessDenied:337
calls=1 337
337 1 29 29
348 1 43 43
cfl=/usr/lib/python3.10/site-packages/psutil/_common.py
cfn=TimeoutExpired:348
calls=1 348
348 1 27 27
367 1 15 15
379 1 15 15
411 1 13 13
474 1 13 13
489 1 14 14
504 1 14 14
505 1 38 38
cfl=/usr/lib/python3.10/site-packages/psutil/_common.py
cfn=memoize:379
calls=1 379
505 1 171 171
518 1 14 14
546 1 14 14
559 1 14 14
572 1 14 14
591 1 13 13
609 1 48 48
cfl=/usr/lib/python3.10/site-packages/psutil/_common.py
cfn=_WrapNumbers:609
calls=1 609
609 1 51 51
696 1 14 14
705 1 40 40
cfl=/usr/lib/python3.10/site-packages/psutil/_common.py
cfn=__init__:614
calls=1 614
705 1 31 31
706 1 14 14
707 1 14 14
710 1 13 13
714 1 14 14
728 1 13 13
748 1 14 14
753 1 13 13
754 1 13 13
766 1 13 13
767 1 37 37
cfl=/usr/lib/python3.10/site-packages/psutil/_common.py
cfn=memoize:379
calls=1 379
767 1 134 134
781 1 14 14
800 1 13 13
801 1 14 14
835 1 14 14
fn=NicDuplex:138
138 2 30 15
cfl=/usr/lib/python3.10/enum.py
cfn=__setitem__:89
calls=2 89
138 2 204 102
139 1 9 9
cfl=/usr/lib/python3.10/enum.py
cfn=__setitem__:89
calls=1 89
139 1 141 141
140 1 11 11
cfl=/usr/lib/python3.10/enum.py
cfn=__setitem__:89
calls=1 89
140 1 130 130
141 1 9 9
cfl=/usr/lib/python3.10/enum.py
cfn=__setitem__:89
calls=1 89
141 1 129 129
fn=BatteryTime:150
150 2 33 16
cfl=/usr/lib/python3.10/enum.py
cfn=__setitem__:89
calls=2 89
150 2 188 94
151 1 8 8
cfl=/usr/lib/python3.10/enum.py
cfn=__setitem__:89
calls=1 89
151 1 130 130
152 1 11 11
cfl=/usr/lib/python3.10/enum.py
cfn=__setitem__:89
calls=1 89
152 1 128 128
fn=Error:275
275 2 19 9
276 1 3 3
279 1 4 4
281 1 5 5
292 1 4 4
302 1 4 4
fn=NoSuchProcess:309
309 2 18 9
310 1 3 3
313 1 3 3
315 1 3 3
fn=ZombieProcess:322
322 2 17 8
323 1 5 5
329 1 3 3
331 1 4 4
fn=AccessDenied:337
337 2 18 9
338 1 3 3
339 1 3 3
341 1 3 3
fn=TimeoutExpired:348
348 2 17 8
349 1 3 3
352 1 3 3
354 1 3 3
fn=memoize:379
379 4 57 14
393 4 43 10
cfl=/usr/lib/python3.10/functools.py
cfn=wraps:65
calls=4 65
393 4 64 16
394 4 45 11
cfl=/usr/lib/python3.10/functools.py
cfn=update_wrapper:35
calls=4 35
394 4 337 84
402 4 15 3
406 4 14 3
407 4 13 3
408 4 19 4
fn=memoize_when_activated:411
411 7 57 8
437 7 67 9
cfl=/usr/lib/python3.10/functools.py
cfn=wraps:65
calls=7 65
437 7 89 12
438 7 71 10
cfl=/usr/lib/python3.10/functools.py
cfn=update_wrapper:35
calls=7 35
438 7 568 81
457 7 25 3
462 7 24 3
469 7 24 3
470 7 23 3
471 7 21 3
fn=wrapper:393
393 5 49 9
395 5 54 10
396 5 23 4
397 5 30 6
398 1 5 5
399 1 24 24
cfl=/usr/lib/python3.10/site-packages/psutil/_pslinux.py
cfn=set_scputimes_ntuple:261
calls=1 261
399 1 1682 1682
400 1 5 5
fn=deprecated_method:591
591 1 11 11
595 1 4 4
606 1 4 4
fn=_WrapNumbers:609
609 2 19 9
610 1 3 3
614 1 4 4
620 1 5 5
628 1 4 4
639 1 4 4
678 1 4 4
690 1 5 5
fn=__init__:614
614 1 13 13
615 1 6 6
616 1 5 5
617 1 3 3
618 1 3 3
fn=open_binary:710
710 5 20 4
711 5 209 41
fn=get_procfs_path:748
748 4 24 6
750 4 27 6
fn=outer:595
595 1 10 10
596 2 9 4
597 1 5 5
598 1 3 3
599 1 3 3
601 1 12 12
cfl=/usr/lib/python3.10/functools.py
cfn=wraps:65
calls=1 65
601 1 12 12
602 1 9 9
cfl=/usr/lib/python3.10/functools.py
cfn=update_wrapper:35
calls=1 35
602 1 82 82
605 1 4 4
fl=<string>_0
fn=<module>:1
1 2 12 6
fl=/usr/lib/python3.10/site-packages/psutil/_pslinux.py
fn=<module>:1
1 1 52 52
5 1 38 38
7 1 31 31
9 1 28 28
10 1 28 28
11 1 27 27
12 1 28 28
13 1 84 84
cfl=<frozen importlib._bootstrap>
cfn=_find_and_load:1022
calls=1 1022
13 1 11121 11121
14 1 29 29
15 1 28 28
16 1 28 28
17 1 28 28
18 1 31 31
19 1 108 108
cfl=<frozen importlib._bootstrap>
cfn=_find_and_load:1022
calls=1 1022
19 1 4284 4284
20 1 31 31
21 1 76 76
cfl=<frozen importlib._bootstrap>
cfn=_handle_fromlist:1053
calls=1 1053
21 1 53 53
22 1 80 80
cfl=<frozen importlib._bootstrap>
cfn=_handle_fromlist:1053
calls=1 1053
22 1 35 35
24 1 209 209
cfl=<frozen importlib._bootstrap>
cfn=parent:404
calls=1 404
24 1 38 38
cfl=<frozen importlib._bootstrap>
cfn=_lock_unlock_module:216
calls=1 216
24 1 162 162
cfl=<frozen importlib._bootstrap>
cfn=_handle_fromlist:1053
calls=1 1053
24 1 37 37
25 1 184 184
cfl=<frozen importlib._bootstrap>
cfn=parent:404
calls=1 404
25 1 25 25
cfl=<frozen importlib._bootstrap>
cfn=_lock_unlock_module:216
calls=1 216
25 1 143 143
cfl=<frozen importlib._bootstrap>
cfn=_handle_fromlist:1053
calls=1 1053
25 1 21257 21257
26 1 180 180
cfl=<frozen importlib._bootstrap>
cfn=parent:404
calls=1 404
26 1 23 23
cfl=<frozen importlib._bootstrap>
cfn=_lock_unlock_module:216
calls=1 216
26 1 127 127
cfl=<frozen importlib._bootstrap>
cfn=_handle_fromlist:1053
calls=1 1053
26 1 1668 1668
27 1 181 181
cfl=<frozen importlib._bootstrap>
cfn=parent:404
calls=1 404
27 1 23 23
cfl=<frozen importlib._bootstrap>
cfn=_lock_unlock_module:216
calls=1 216
27 1 126 126
cfl=<frozen importlib._bootstrap>
cfn=_handle_fromlist:1053
calls=1 1053
27 1 1554 1554
28 1 72 72
cfl=<frozen importlib._bootstrap>
cfn=parent:404
calls=1 404
28 1 22 22
29 1 70 70
cfl=<frozen importlib._bootstrap>
cfn=parent:404
calls=1 404
29 1 21 21
30 1 69 69
cfl=<frozen importlib._bootstrap>
cfn=parent:404
calls=1 404
30 1 21 21
31 1 68 68
cfl=<frozen importlib._bootstrap>
cfn=parent:404
calls=1 404
31 1 21 21
32 1 70 70
cfl=<frozen importlib._bootstrap>
cfn=parent:404
calls=1 404
32 1 22 22
33 1 69 69
cfl=<frozen importlib._bootstrap>
cfn=parent:404
calls=1 404
33 1 21 21
34 1 69 69
cfl=<frozen importlib._bootstrap>
cfn=parent:404
calls=1 404
34 1 21 21
35 1 68 68
cfl=<frozen importlib._bootstrap>
cfn=parent:404
calls=1 404
35 1 21 21
36 1 69 69
cfl=<frozen importlib._bootstrap>
cfn=parent:404
calls=1 404
36 1 21 21
37 1 69 69
cfl=<frozen importlib._bootstrap>
cfn=parent:404
calls=1 404
37 1 21 21
38 1 68 68
cfl=<frozen importlib._bootstrap>
cfn=parent:404
calls=1 404
38 1 21 21
39 1 70 70
cfl=<frozen importlib._bootstrap>
cfn=parent:404
calls=1 404
39 1 21 21
40 1 68 68
cfl=<frozen importlib._bootstrap>
cfn=parent:404
calls=1 404
40 1 21 21
41 1 68 68
cfl=<frozen importlib._bootstrap>
cfn=parent:404
calls=1 404
41 1 21 21
42 1 68 68
cfl=<frozen importlib._bootstrap>
cfn=parent:404
calls=1 404
42 1 21 21
43 1 69 69
cfl=<frozen importlib._bootstrap>
cfn=parent:404
calls=1 404
43 1 21 21
44 1 71 71
cfl=<frozen importlib._bootstrap>
cfn=parent:404
calls=1 404
44 1 30 30
45 1 69 69
cfl=<frozen importlib._bootstrap>
cfn=parent:404
calls=1 404
45 1 21 21
46 1 71 71
cfl=<frozen importlib._bootstrap>
cfn=parent:404
calls=1 404
46 1 21 21
47 1 70 70
cfl=<frozen importlib._bootstrap>
cfn=parent:404
calls=1 404
47 1 22 22
48 1 73 73
cfl=<frozen importlib._bootstrap>
cfn=parent:404
calls=1 404
48 1 22 22
49 1 69 69
cfl=<frozen importlib._bootstrap>
cfn=parent:404
calls=1 404
49 1 21 21
50 1 69 69
cfl=<frozen importlib._bootstrap>
cfn=parent:404
calls=1 404
50 1 21 21
51 1 68 68
cfl=<frozen importlib._bootstrap>
cfn=parent:404
calls=1 404
51 1 21 21
54 1 28 28
55 1 29 29
60 1 28 28
77 1 27 27
78 1 75 75
cfl=/usr/lib/python3.10/genericpath.py
cfn=exists:16
calls=1 16
78 1 61 61
79 1 28 28
80 1 29 29
81 1 28 28
84 1 29 29
85 1 28 28
86 1 27 27
90 1 26 26
91 1 27 27
104 1 26 26
106 1 27 27
109 2 103 51
cfl=/usr/lib/python3.10/enum.py
cfn=__call__:359
calls=1 359
109 1 3162 3162
110 1 30 30
111 1 15 15
114 1 28 28
120 1 183 183
cfl=/usr/lib/python3.10/enum.py
cfn=__prepare__:165
calls=1 165
120 1 298 298
cfl=/usr/lib/python3.10/site-packages/psutil/_pslinux.py
cfn=IOPriority:120
calls=1 120
120 1 800 800
cfl=/usr/lib/python3.10/enum.py
cfn=__new__:180
calls=1 180
120 1 3188 3188
126 1 74 74
cfl=/usr/lib/python3.10/enum.py
cfn=__members__:451
calls=1 451
126 1 31 31
132 1 28 28
133 1 29 29
134 1 27 27
135 1 26 26
136 1 27 27
137 1 27 27
138 1 27 27
139 1 27 27
140 1 33 33
141 1 27 27
142 1 27 27
143 1 26 26
144 1 29 29
148 1 26 26
149 1 27 27
150 1 26 26
151 1 27 27
152 1 28 28
153 1 27 27
154 1 27 27
155 1 27 27
156 1 26 26
157 1 29 29
158 1 27 27
159 1 26 26
169 2 106 53
cfl=/usr/lib/python3.10/collections/__init__.py
cfn=namedtuple:328
calls=1 328
169 1 1336 1336
170 1 27 27
173 2 92 46
cfl=/usr/lib/python3.10/collections/__init__.py
cfn=namedtuple:328
calls=1 328
173 1 1123 1123
174 1 27 27
180 2 93 46
cfl=/usr/lib/python3.10/collections/__init__.py
cfn=namedtuple:328
calls=1 328
180 1 832 832
181 1 27 27
183 1 65 65
cfl=/usr/lib/python3.10/collections/__init__.py
cfn=namedtuple:328
calls=1 328
183 1 982 982
185 1 79 79
cfl=/usr/lib/python3.10/collections/__init__.py
cfn=namedtuple:328
calls=1 328
185 1 1219 1219
187 2 104 52
cfl=/usr/lib/python3.10/collections/__init__.py
cfn=namedtuple:328
calls=1 328
187 1 1269 1269
188 1 28 28
189 1 27 27
192 2 92 46
cfl=/usr/lib/python3.10/collections/__init__.py
cfn=namedtuple:328
calls=1 328
192 1 1406 1406
193 1 29 29
195 1 64 64
cfl=/usr/lib/python3.10/collections/__init__.py
cfn=namedtuple:328
calls=1 328
195 1 898 898
199 2 104 52
cfl=/usr/lib/python3.10/collections/__init__.py
cfn=namedtuple:328
calls=1 328
199 1 835 835
200 1 27 27
209 1 15 15
229 1 28 28
242 1 27 27
261 1 27 27
262 1 78 78
cfl=/usr/lib/python3.10/site-packages/psutil/_common.py
cfn=memoize:379
calls=1 379
262 1 162 162
286 1 35 35
302 1 96 96
303 1 111 111
cfl=/usr/lib/python3.10/site-packages/psutil/_common.py
cfn=wrapper:393
calls=1 393
303 1 1769 1769
320 1 28 28
321 1 27 27
322 1 80 80
cfl=<frozen importlib._bootstrap>
cfn=_find_and_load:1022
calls=1 1022
322 1 2911 2911
353 1 29 29
354 2 55 27
355 1 74 74
cfl=/usr/lib/python3.10/site-packages/psutil/_pslinux.py
cfn=<listcomp>:355
calls=1 355
355 1 89 89
363 1 15 15
415 1 28 28
537 1 27 27
595 1 27 27
611 1 27 27
631 1 27 27
660 1 27 27
702 1 27 27
723 1 27 27
734 1 79 79
cfl=/usr/lib/python3.10/genericpath.py
cfn=exists:16
calls=1 16
734 1 35 35
736 1 27 27
781 1 27 27
784 1 82 82
cfl=/usr/lib/python3.10/site-packages/psutil/_pslinux.py
cfn=_Ipv6UnsupportedError:784
calls=1 784
784 1 34 34
788 1 84 84
cfl=/usr/lib/python3.10/site-packages/psutil/_pslinux.py
cfn=Connections:788
calls=1 788
788 1 99 99
1026 1 74 74
cfl=/usr/lib/python3.10/site-packages/psutil/_pslinux.py
cfn=__init__:800
calls=1 800
1026 1 147 147
1029 1 28 28
1034 1 27 27
1071 1 27 27
1099 1 30 30
1102 1 28 28
1197 1 80 80
cfl=/usr/lib/python3.10/site-packages/psutil/_pslinux.py
cfn=RootFsDeviceFinder:1197
calls=1 1197
1197 1 62 62
1271 1 28 28
1316 1 29 29
1429 1 30 30
1461 1 27 27
1558 1 27 27
1576 1 26 26
1595 1 27 27
1600 1 26 26
1632 1 27 27
1654 1 26 26
1675 1 148 148
cfl=/usr/lib/python3.10/site-packages/psutil/_pslinux.py
cfn=Process:1675
calls=1 1675
1675 1 61496 61496
fn=IOPriority:120
120 2 44 22
cfl=/usr/lib/python3.10/enum.py
cfn=__setitem__:89
calls=2 89
120 2 195 97
121 1 9 9
cfl=/usr/lib/python3.10/enum.py
cfn=__setitem__:89
calls=1 89
121 1 129 129
122 1 10 10
cfl=/usr/lib/python3.10/enum.py
cfn=__setitem__:89
calls=1 89
122 1 132 132
123 1 9 9
cfl=/usr/lib/python3.10/enum.py
cfn=__setitem__:89
calls=1 89
123 1 131 131
124 1 9 9
cfl=/usr/lib/python3.10/enum.py
cfn=__setitem__:89
calls=1 89
124 1 129 129
fn=set_scputimes_ntuple:261
261 1 5 5
270 2 29 14
cfl=/usr/lib/python3.10/site-packages/psutil/_common.py
cfn=open_binary:710
calls=1 710
270 1 46 46
271 1 99 99
272 1 4 4
273 1 4 4
274 1 5 5
276 1 4 4
277 1 3 3
279 1 3 3
280 1 3 3
282 1 3 3
283 1 20 20
cfl=/usr/lib/python3.10/collections/__init__.py
cfn=namedtuple:328
calls=1 328
283 1 1449 1449
fn=<listcomp>:355
355 21 89 4
fn=cpu_times:595
595 3 17 5
602 3 56 18
cfl=/usr/lib/python3.10/site-packages/psutil/_common.py
cfn=get_procfs_path:748
calls=3 748
602 3 38 12
603 3 54 18
cfl=/usr/lib/python3.10/site-packages/psutil/_common.py
cfn=wrapper:393
calls=3 393
603 3 86 28
604 6 100 16
cfl=/usr/lib/python3.10/site-packages/psutil/_common.py
cfn=open_binary:710
calls=3 710
604 3 157 52
605 3 351 117
606 3 21 7
607 3 44 14
cfl=/usr/lib/python3.10/site-packages/psutil/_pslinux.py
cfn=<listcomp>:607
calls=3 607
607 3 173 57
608 3 55 18
cfl=<string>_32
cfn=<lambda>:1
calls=3 1
608 3 37 12
fn=per_cpu_times:611
611 1 4 4
615 1 10 10
cfl=/usr/lib/python3.10/site-packages/psutil/_common.py
cfn=get_procfs_path:748
calls=1 748
615 1 13 13
616 1 11 11
cfl=/usr/lib/python3.10/site-packages/psutil/_common.py
cfn=wrapper:393
calls=1 393
616 1 18 18
617 1 4 4
618 2 22 11
cfl=/usr/lib/python3.10/site-packages/psutil/_common.py
cfn=open_binary:710
calls=1 710
618 1 26 26
620 1 87 87
621 24 86 3
622 23 80 3
623 16 57 3
624 16 55 3
625 16 132 8
cfl=/usr/lib/python3.10/site-packages/psutil/_pslinux.py
cfn=<listcomp>:625
calls=16 625
625 16 586 36
626 16 135 8
cfl=<string>_32
cfn=<lambda>:1
calls=16 1
626 16 102 6
627 16 54 3
628 1 3 3
fn=_Ipv6UnsupportedError:784
784 2 31 15
785 1 2 2
fn=Connections:788
788 2 35 17
789 1 4 4
800 1 7 7
823 1 5 5
849 1 6 6
865 1 5 5
866 1 7 7
916 1 5 5
917 1 6 6
956 1 4 4
957 1 5 5
994 1 5 5
fn=__init__:800
800 1 27 27
803 1 5 5
804 1 5 5
805 1 5 5
806 1 4 4
807 1 4 4
808 1 4 4
809 1 5 5
810 1 3 3
811 1 42 42
812 1 4 4
813 1 7 7
814 1 3 3
815 1 3 3
816 1 3 3
817 1 4 4
818 1 3 3
819 1 3 3
821 1 4 4
fn=RootFsDeviceFinder:1197
1197 2 33 16
1198 1 3 3
1204 1 4 4
1206 1 4 4
1211 1 4 4
1224 1 4 4
1233 1 4 4
1248 1 4 4
fn=wrap_exceptions:1654
1654 33 225 6
1658 33 297 9
cfl=/usr/lib/python3.10/functools.py
cfn=wraps:65
calls=33 65
1658 33 406 12
1659 33 302 9
cfl=/usr/lib/python3.10/functools.py
cfn=update_wrapper:35
calls=33 35
1659 33 2692 81
1672 33 102 3
fn=Process:1675
1675 2 44 22
1676 1 6 6
1678 1 10 10
1680 1 11 11
1686 1 10 10
1692 1 10 10
1693 1 10 10
1694 1 44 44
cfl=/usr/lib/python3.10/site-packages/psutil/_common.py
cfn=memoize_when_activated:411
calls=1 411
1694 1 158 158
cfl=/usr/lib/python3.10/site-packages/psutil/_pslinux.py
cfn=wrap_exceptions:1654
calls=1 1654
1694 1 130 130
1727 1 10 10
1728 1 9 9
1729 1 43 43
cfl=/usr/lib/python3.10/site-packages/psutil/_common.py
cfn=memoize_when_activated:411
calls=1 411
1729 1 133 133
cfl=/usr/lib/python3.10/site-packages/psutil/_pslinux.py
cfn=wrap_exceptions:1654
calls=1 1654
1729 1 119 119
1737 1 10 10
1738 1 10 10
1739 1 42 42
cfl=/usr/lib/python3.10/site-packages/psutil/_common.py
cfn=memoize_when_activated:411
calls=1 411
1739 1 134 134
cfl=/usr/lib/python3.10/site-packages/psutil/_pslinux.py
cfn=wrap_exceptions:1654
calls=1 1654
1739 1 118 118
1744 1 10 10
1749 1 10 10
1754 1 10 10
1755 1 26 26
cfl=/usr/lib/python3.10/site-packages/psutil/_pslinux.py
cfn=wrap_exceptions:1654
calls=1 1654
1755 1 120 120
1762 1 10 10
1779 1 10 10
1780 1 25 25
cfl=/usr/lib/python3.10/site-packages/psutil/_pslinux.py
cfn=wrap_exceptions:1654
calls=1 1654
1780 1 118 118
1804 1 10 10
1805 1 26 26
cfl=/usr/lib/python3.10/site-packages/psutil/_pslinux.py
cfn=wrap_exceptions:1654
calls=1 1654
1805 1 122 122
1810 1 10 10
1811 1 26 26
cfl=/usr/lib/python3.10/site-packages/psutil/_pslinux.py
cfn=wrap_exceptions:1654
calls=1 1654
1811 1 118 118
1820 1 29 29
cfl=/usr/lib/python3.10/genericpath.py
cfn=exists:16
calls=1 16
1820 1 30 30
1821 1 10 10
1822 1 25 25
cfl=/usr/lib/python3.10/site-packages/psutil/_pslinux.py
cfn=wrap_exceptions:1654
calls=1 1654
1822 1 119 119
1852 1 12 12
1853 1 29 29
cfl=/usr/lib/python3.10/site-packages/psutil/_pslinux.py
cfn=wrap_exceptions:1654
calls=1 1654
1853 1 127 127
1862 1 10 10
1863 1 26 26
cfl=/usr/lib/python3.10/site-packages/psutil/_pslinux.py
cfn=wrap_exceptions:1654
calls=1 1654
1863 1 118 118
1867 1 10 10
1868 1 26 26
cfl=/usr/lib/python3.10/site-packages/psutil/_pslinux.py
cfn=wrap_exceptions:1654
calls=1 1654
1868 1 120 120
1871 1 10 10
1872 1 25 25
cfl=/usr/lib/python3.10/site-packages/psutil/_pslinux.py
cfn=wrap_exceptions:1654
calls=1 1654
1872 1 120 120
1882 1 10 10
1883 1 26 26
cfl=/usr/lib/python3.10/site-packages/psutil/_pslinux.py
cfn=wrap_exceptions:1654
calls=1 1654
1883 1 118 118
1902 1 11 11
1904 1 10 10
1905 1 30 30
cfl=/usr/lib/python3.10/site-packages/psutil/_pslinux.py
cfn=wrap_exceptions:1654
calls=1 1654
1905 1 130 130
1908 1 30 30
cfl=/usr/lib/python3.10/re.py
cfn=compile:249
calls=1 249
1908 1 6924 6924
1909 1 36 36
cfl=/usr/lib/python3.10/re.py
cfn=compile:249
calls=1 249
1909 1 5134 5134
1910 1 37 37
cfl=/usr/lib/python3.10/re.py
cfn=compile:249
calls=1 249
1910 1 5347 5347
1935 1 10 10
1937 1 10 10
1938 1 26 26
cfl=/usr/lib/python3.10/site-packages/psutil/_pslinux.py
cfn=wrap_exceptions:1654
calls=1 1654
1938 1 118 118
2005 1 10 10
2006 1 26 26
cfl=/usr/lib/python3.10/site-packages/psutil/_pslinux.py
cfn=wrap_exceptions:1654
calls=1 1654
2006 1 125 125
2016 1 10 10
2017 1 28 28
cfl=/usr/lib/python3.10/site-packages/psutil/_pslinux.py
cfn=wrap_exceptions:1654
calls=1 1654
2017 1 129 129
2018 1 35 35
cfl=/usr/lib/python3.10/re.py
cfn=compile:249
calls=1 249
2018 1 6487 6487
2030 1 11 11
2031 1 58 58
cfl=/usr/lib/python3.10/re.py
cfn=compile:249
calls=1 249
2031 1 5110 5110
cfl=/usr/lib/python3.10/site-packages/psutil/_pslinux.py
cfn=wrap_exceptions:1654
calls=1 1654
2031 1 130 130
2038 1 12 12
2039 1 26 26
cfl=/usr/lib/python3.10/site-packages/psutil/_pslinux.py
cfn=wrap_exceptions:1654
calls=1 1654
2039 1 119 119
2066 1 10 10
2067 1 25 25
cfl=/usr/lib/python3.10/site-packages/psutil/_pslinux.py
cfn=wrap_exceptions:1654
calls=1 1654
2067 1 118 118
2075 1 11 11
2076 1 26 26
cfl=/usr/lib/python3.10/site-packages/psutil/_pslinux.py
cfn=wrap_exceptions:1654
calls=1 1654
2076 1 119 119
2080 1 10 10
2082 1 10 10
2083 1 27 27
cfl=/usr/lib/python3.10/site-packages/psutil/_pslinux.py
cfn=wrap_exceptions:1654
calls=1 1654
2083 1 119 119
2086 1 13 13
2087 1 36 36
cfl=/usr/lib/python3.10/re.py
cfn=compile:249
calls=1 249
2087 1 9442 9442
2096 1 10 10
2097 1 26 26
cfl=/usr/lib/python3.10/site-packages/psutil/_pslinux.py
cfn=wrap_exceptions:1654
calls=1 1654
2097 1 129 129
2116 1 10 10
2118 1 16 16
2119 1 26 26
cfl=/usr/lib/python3.10/site-packages/psutil/_pslinux.py
cfn=wrap_exceptions:1654
calls=1 1654
2119 1 119 119
2125 1 10 10
2126 1 26 26
cfl=/usr/lib/python3.10/site-packages/psutil/_pslinux.py
cfn=wrap_exceptions:1654
calls=1 1654
2126 1 118 118
2135 1 10 10
2137 1 10 10
2138 1 26 26
cfl=/usr/lib/python3.10/site-packages/psutil/_pslinux.py
cfn=wrap_exceptions:1654
calls=1 1654
2138 1 119 119
2163 1 10 10
2164 1 26 26
cfl=/usr/lib/python3.10/site-packages/psutil/_pslinux.py
cfn=wrap_exceptions:1654
calls=1 1654
2164 1 121 121
2171 1 10 10
2172 1 26 26
cfl=/usr/lib/python3.10/site-packages/psutil/_pslinux.py
cfn=wrap_exceptions:1654
calls=1 1654
2172 1 118 118
2219 1 10 10
2220 1 26 26
cfl=/usr/lib/python3.10/site-packages/psutil/_pslinux.py
cfn=wrap_exceptions:1654
calls=1 1654
2220 1 124 124
2225 1 10 10
2226 1 35 35
cfl=/usr/lib/python3.10/site-packages/psutil/_pslinux.py
cfn=wrap_exceptions:1654
calls=1 1654
2226 1 118 118
2229 1 12 12
2230 1 26 26
cfl=/usr/lib/python3.10/site-packages/psutil/_pslinux.py
cfn=wrap_exceptions:1654
calls=1 1654
2230 1 117 117
2233 1 11 11
2234 1 54 54
cfl=/usr/lib/python3.10/re.py
cfn=compile:249
calls=1 249
2234 1 8452 8452
cfl=/usr/lib/python3.10/site-packages/psutil/_pslinux.py
cfn=wrap_exceptions:1654
calls=1 1654
2234 1 130 130
2239 1 11 11
2240 1 45 45
cfl=/usr/lib/python3.10/re.py
cfn=compile:249
calls=1 249
2240 1 8311 8311
cfl=/usr/lib/python3.10/site-packages/psutil/_pslinux.py
cfn=wrap_exceptions:1654
calls=1 1654
2240 1 121 121
fn=<listcomp>:607
607 36 173 4
fn=<listcomp>:625
625 192 586 3
fl=/usr/lib/python3.10/genericpath.py
fn=exists:16
16 3 53 17
18 3 18 6
19 3 43 14
22 3 11 3
fl=<string>_18
fn=<module>:1
1 2 11 5
fl=<string>_32
fn=<module>:1
1 2 15 7
fn=<lambda>:1
1 40 147 3
fl=/usr/lib/python3.10/site-packages/psutil/_compat.py
fn=<module>:1
1 1 15 15
5 1 15 15
10 1 9 9
11 1 9 9
12 1 10 10
13 1 9 9
14 1 9 9
15 1 10 10
16 1 9 9
19 1 9 9
37 1 8 8
38 1 9 9
40 1 8 8
41 1 9 9
42 1 8 8
43 1 8 8
44 1 8 8
45 1 8 8
47 1 10 10
50 1 8 8
71 1 9 9
72 1 10 10
132 1 8 8
133 1 9 9
134 1 8 8
135 1 8 8
136 1 9 9
137 1 8 8
138 1 9 9
213 1 8 8
214 1 10 10
359 1 8 8
360 1 10 10
411 1 8 8
412 1 9 9
432 1 10 10
433 1 11 11
440 1 8 8
441 1 10 10
fl=./sys_health.py
fn=<module>:1
1 1 12 12
2 1 11 11
3 1 14 14
cfl=<frozen importlib._bootstrap>
cfn=_find_and_load:1022
calls=1 1022
3 1 194303 194303
10 1 5 5
15 1 5 5
19 1 21 21
cfl=./sys_health.py
cfn=check_disk_usage:10
calls=1 10
19 1 92 92
cfl=./sys_health.py
cfn=check_cpu_usage:15
calls=1 15
19 1 1002854 1002854
22 1 40 40
fn=check_disk_usage:10
10 1 3 3
11 1 11 11
cfl=/usr/lib/python3.10/shutil.py
cfn=disk_usage:1274
calls=1 1274
11 1 67 67
12 1 5 5
13 1 3 3
fn=check_cpu_usage:15
15 1 3 3
16 1 15 15
cfl=/usr/lib/python3.10/site-packages/psutil/__init__.py
cfn=cpu_percent:1690
calls=1 1690
16 1 1002830 1002830
17 1 4 4
fl=/usr/lib/python3.10/traceback.py
fn=<module>:1
1 2 41 20
3 1 8 8
4 1 11 11
5 1 10 10
6 1 12 12
8 1 11 11
19 1 11 11
27 1 10 10
45 1 12 12
55 1 10 10
59 1 10 10
78 1 11 11
79 1 10 10
82 1 10 10
83 1 10 10
87 1 37 37
cfl=/usr/lib/python3.10/traceback.py
cfn=_Sentinel:87
calls=1 87
87 1 17 17
91 1 11 11
93 1 10 10
104 2 20 10
105 1 10 10
124 2 17 8
125 1 10 10
139 1 6 6
161 1 10 10
169 1 10 10
177 1 11 11
181 1 10 10
185 1 10 10
197 1 11 11
209 1 10 10
216 1 11 11
232 1 10 10
243 1 41 41
cfl=/usr/lib/python3.10/traceback.py
cfn=FrameSummary:243
calls=1 243
243 1 108 108
309 1 11 11
322 1 10 10
333 1 10 10
335 1 44 44
cfl=/usr/lib/python3.10/traceback.py
cfn=StackSummary:335
calls=1 335
335 1 52 52
457 1 38 38
cfl=/usr/lib/python3.10/traceback.py
cfn=TracebackException:457
calls=1 457
457 1 85 85
fn=_Sentinel:87
87 2 14 7
88 1 3 3
fn=FrameSummary:243
243 2 15 7
244 1 3 3
257 1 4 4
259 2 8 4
260 1 4 4
278 1 3 3
288 1 4 4
291 1 4 4
294 1 44 44
298 1 4 4
301 1 4 4
302 1 5 5
fn=StackSummary:335
335 2 16 8
336 1 3 3
338 1 5 5
339 2 10 5
340 1 4 4
386 1 3 3
387 1 4 4
405 1 4 4
fn=TracebackException:457
457 2 16 8
458 1 4 4
489 2 9 4
490 1 5 5
491 1 5 5
569 1 4 4
570 1 5 5
574 1 5 5
579 1 5 5
584 1 5 5
587 1 5 5
616 1 5 5
652 1 6 6
fl=/usr/lib/python3.10/shutil.py
fn=disk_usage:1274
1274 1 4 4
1280 1 15 15
1281 1 5 5
1282 1 4 4
1283 1 3 3
1284 1 12 12
cfl=<string>_33
cfn=<lambda>:1
calls=1 1
1284 1 21 21
fl=<string>_31
fn=<module>:1
1 2 13 6
fl=<string>_7
fn=<module>:1
1 2 14 7
fl=<string>_23
fn=<module>:1
1 2 15 7
fl=<string>_33
fn=<lambda>:1
1 2 21 10
fl=/usr/lib/python3.10/enum.py
fn=__prepare__:165
165 5 59 11
168 5 54 10
cfl=/usr/lib/python3.10/enum.py
cfn=_check_for_existing_members:569
calls=5 569
168 5 205 41
170 5 53 10
cfl=/usr/lib/python3.10/enum.py
cfn=__init__:82
calls=5 82
170 5 174 34
171 5 18 3
173 5 48 9
cfl=/usr/lib/python3.10/enum.py
cfn=_get_mixins_:579
calls=5 579
173 5 415 83
174 5 16 3
175 10 68 6
cfl=/usr/lib/python3.10/enum.py
cfn=__setitem__:89
calls=5 89
175 5 477 95
176 5 15 3
178 5 15 3
fn=_check_for_existing_members:569
569 5 16 3
571 10 31 3
572 25 85 3
573 20 72 3
fn=__init__:82
82 5 15 3
83 5 53 10
84 5 20 4
85 5 47 9
86 5 23 4
87 5 15 3
fn=_get_mixins_:579
579 12 48 4
587 12 44 3
590 12 46 3
617 12 41 3
618 12 49 4
621 12 111 9
cfl=/usr/lib/python3.10/enum.py
cfn=_find_data_type:590
calls=12 590
621 12 568 47
622 12 43 3
624 12 38 3
fn=_find_data_type:590
590 12 37 3
591 12 45 3
592 24 81 3
593 12 40 3
594 12 45 3
595 12 39 3
597 12 39 3
598 12 40 3
599 12 41 3
600 12 38 3
608 12 39 3
610 12 37 3
611 12 42 3
fn=__setitem__:89
89 58 193 3
98 58 489 8
cfl=/usr/lib/python3.10/enum.py
cfn=_is_private:44
calls=58 44
98 58 1147 19
106 58 477 8
cfl=/usr/lib/python3.10/enum.py
cfn=_is_sunder:33
calls=58 33
106 58 940 16
107 5 17 3
112 5 17 3
114 5 18 3
116 5 21 4
129 53 434 8
cfl=/usr/lib/python3.10/enum.py
cfn=_is_dunder:22
calls=53 22
129 53 861 16
130 11 39 3
132 42 151 3
135 42 139 3
137 42 337 8
cfl=/usr/lib/python3.10/enum.py
cfn=_is_descriptor:12
calls=42 12
137 42 705 16
138 42 144 3
141 42 145 3
151 42 144 3
152 42 138 3
153 58 225 3
fn=_is_private:44
44 58 170 2
46 58 197 3
47 58 178 3
48 72 208 2
49 58 177 3
50 14 46 3
56 58 168 2
fn=_is_sunder:33
33 58 156 2
37 58 161 2
38 132 378 2
39 58 179 3
40 16 49 3
41 5 15 3
fn=_is_dunder:22
22 58 162 2
26 58 158 2
27 132 377 2
28 58 194 3
29 16 47 2
30 16 46 2
fn=_is_descriptor:12
12 42 109 2
16 42 116 2
17 84 239 2
18 42 122 2
19 42 117 2
fn=__new__:180
180 5 78 15
187 5 37 7
188 5 32 6
189 10 58 5
190 5 31 6
191 5 72 14
cfl=/usr/lib/python3.10/enum.py
cfn=_get_mixins_:579
calls=5 579
191 5 406 81
192 10 98 9
cfl=/usr/lib/python3.10/enum.py
cfn=_find_new_:626
calls=5 626
192 5 924 184
193 5 28 5
198 5 60 12
cfl=/usr/lib/python3.10/enum.py
cfn=<dictcomp>:198
calls=5 198
198 5 163 32
199 47 236 5
200 42 218 5
203 5 26 5
206 5 33 6
207 5 27 5
212 5 27 5
213 5 61 12
cfl=/usr/lib/python3.10/enum.py
cfn=__setitem__:89
calls=5 89
213 5 498 99
215 5 115 23
216 5 61 12
cfl=/usr/lib/python3.10/enum.py
cfn=__setattr__:470
calls=5 470
216 5 83 16
217 5 56 11
cfl=/usr/lib/python3.10/enum.py
cfn=__setattr__:470
calls=5 470
217 5 64 12
218 5 56 11
cfl=/usr/lib/python3.10/enum.py
cfn=__setattr__:470
calls=5 470
218 5 64 12
222 10 89 8
cfl=/usr/lib/python3.10/enum.py
cfn=<setcomp>:222
calls=5 222
222 5 7577 1515
223 5 30 6
229 5 57 11
cfl=/usr/lib/python3.10/enum.py
cfn=__setattr__:470
calls=5 470
229 5 70 14
241 5 27 5
242 5 25 5
243 5 25 5
245 5 120 24
cfl=/usr/lib/python3.10/enum.py
cfn=<genexpr>:245
calls=15 245
245 15 87 5
276 47 218 4
277 42 198 4
278 42 192 4
279 42 194 4
282 42 187 4
284 42 190 4
289 42 210 5
290 42 197 4
291 42 192 4
294 42 193 4
295 42 189 4
296 42 197 4
297 42 193 4
298 42 199 4
301 548 2463 4
302 506 2276 4
307 42 202 4
310 42 190 4
311 42 443 10
cfl=/usr/lib/python3.10/enum.py
cfn=__setattr__:470
calls=42 470
311 42 563 13
313 42 206 4
314 42 185 4
318 42 205 4
326 25 110 4
327 20 91 4
329 20 96 4
330 20 93 4
331 20 91 4
332 20 89 4
337 5 22 4
340 5 22 4
342 5 56 11
cfl=/usr/lib/python3.10/enum.py
cfn=__setattr__:470
calls=5 470
342 5 71 14
345 5 23 4
351 5 23 4
fn=_find_new_:626
626 5 20 4
638 5 21 4
641 5 18 3
643 5 17 3
646 10 36 3
647 20 64 3
648 15 90 6
cfl=/usr/lib/python3.10/enum.py
cfn=__getattr__:423
calls=5 423
648 5 207 41
649 30 102 3
650 15 48 3
651 15 47 3
652 15 48 3
653 15 51 3
655 5 15 3
656 5 16 3
657 10 51 5
658 5 15 3
665 5 16 3
668 5 16 3
669 5 16 3
fn=__getattr__:423
423 5 16 3
432 5 42 8
cfl=/usr/lib/python3.10/enum.py
cfn=_is_dunder:22
calls=5 22
432 5 123 24
433 5 24 4
fn=<dictcomp>:198
198 52 163 3
fn=__setattr__:470
470 69 224 3
478 69 259 3
479 69 214 3
481 69 247 3
fn=<setcomp>:222
222 1280 3657 2
223 35 100 2
224 630 1807 2
225 605 2012 3
fn=<genexpr>:245
245 25 87 3
fn=__members__:451
451 3 51 17
459 3 12 4
fn=__and__:986
986 10 30 3
987 10 44 4
989 10 151 15
cfl=/usr/lib/python3.10/enum.py
cfn=__call__:359
calls=20 359
989 20 597 29
fn=__call__:359
359 22 92 4
384 22 73 3
385 20 194 9
cfl=/usr/lib/python3.10/enum.py
cfn=__new__:678
calls=20 678
385 20 280 14
387 4 34 8
cfl=/usr/lib/python3.10/enum.py
cfn=_create_:483
calls=2 483
387 2 19105 9552
388 2 7 3
389 2 7 3
390 2 6 3
391 2 6 3
392 2 7 3
393 2 6 3
fn=__new__:678
678 20 62 3
682 20 73 3
687 20 67 3
688 20 77 3
fn=__iter__:442
442 1 5 5
446 1 6 6
fn=<genexpr>:446
446 66 189 2
fn=name:796
796 32 76 2
799 32 95 2
fn=value:801
801 32 75 2
804 32 91 2
fn=_create_:483
483 2 11 5
495 2 10 5
496 2 11 5
497 2 24 12
cfl=/usr/lib/python3.10/enum.py
cfn=_get_mixins_:579
calls=2 579
497 2 171 85
498 2 22 11
cfl=/usr/lib/python3.10/enum.py
cfn=__prepare__:165
calls=2 165
498 2 567 283
501 2 11 5
503 2 9 4
512 35 143 4
513 33 127 3
514 33 138 4
517 33 313 9
cfl=/usr/lib/python3.10/enum.py
cfn=__setitem__:89
calls=33 89
517 33 4045 122
518 2 32 16
cfl=/usr/lib/python3.10/enum.py
cfn=__new__:180
calls=2 180
518 2 13356 6678
522 2 12 6
523 2 8 4
524 2 11 5
527 2 9 4
530 2 21 10
cfl=/usr/lib/python3.10/enum.py
cfn=__setattr__:470
calls=2 470
530 2 27 13
531 2 8 4
534 2 8 4
fl=<string>_12
fn=<module>:1
1 2 11 5
fl=<string>_11
fn=<module>:1
1 2 11 5
fl=/usr/lib/python3.10/types.py
fn=__get__:176
176 64 155 2
177 64 189 2
181 64 186 2
183 64 463 7
cfl=/usr/lib/python3.10/enum.py
cfn=name:796
calls=32 796
183 32 171 5
cfl=/usr/lib/python3.10/enum.py
cfn=value:801
calls=32 801
183 32 166 5
fl=/usr/lib/python3.10/os.py
fn=getenv:771
771 1 15 15
775 1 13 13
cfl=/usr/lib/python3.10/_collections_abc.py
cfn=get:813
calls=1 813
775 1 68 68
fn=__getitem__:674
674 1 3 3
675 1 3 3
676 1 12 12
cfl=/usr/lib/python3.10/os.py
cfn=encode:754
calls=1 754
676 1 11 11
677 1 3 3
679 1 5 5
fn=encode:754
754 1 3 3
755 1 3 3
757 1 4 4
fl=<string>_17
fn=<module>:1
1 2 11 5
fl=<string>_20
fn=<module>:1
1 2 11 5
fl=<string>_13
fn=<module>:1
1 2 12 6
fl=/usr/lib/python3.10/_collections_abc.py
fn=get:813
813 1 3 3
815 1 5 5
816 1 10 10
cfl=/usr/lib/python3.10/os.py
cfn=__getitem__:674
calls=1 674
816 1 40 40
817 1 3 3
818 1 5 5
fl=<string>_26
fn=<module>:1
1 2 13 6
fl=<frozen importlib._bootstrap>
fn=_find_and_load:1022
1022 11 114 10
1024 22 345 15
cfl=<frozen importlib._bootstrap>
cfn=__init__:165
calls=11 165
1024 11 108 9
cfl=<frozen importlib._bootstrap>
cfn=__enter__:169
calls=11 169
1024 11 1509 137
cfl=<frozen importlib._bootstrap>
cfn=__exit__:173
calls=11 173
1024 11 504 45
cfl=<frozen importlib._bootstrap>
cfn=cb:198
calls=11 198
1024 11 218 19
1025 11 44 4
1026 11 36 3
1027 11 107 9
cfl=<frozen importlib._bootstrap>
cfn=_find_and_load_unlocked:987
calls=11 987
1027 11 194000 17636
fn=__init__:165
165 11 32 2
166 11 38 3
167 11 37 3
fn=__enter__:169
169 11 31 2
170 11 95 8
cfl=<frozen importlib._bootstrap>
cfn=_get_module_lock:179
calls=11 179
170 11 867 78
171 11 108 9
cfl=<frozen importlib._bootstrap>
cfn=acquire:100
calls=11 100
171 11 406 36
fn=_get_module_lock:179
179 23 77 3
185 23 86 3
186 23 75 3
187 23 74 3
188 23 94 4
189 11 40 3
190 11 39 3
192 23 74 3
193 11 36 3
196 11 97 8
cfl=<frozen importlib._bootstrap>
cfn=__init__:71
calls=11 71
196 11 265 24
198 11 41 3
209 11 43 3
211 23 78 3
213 23 71 3
fn=__init__:71
71 11 32 2
72 11 43 3
73 11 55 5
74 11 35 3
75 11 32 2
76 11 32 2
77 11 33 3
fn=cb:198
198 11 32 2
199 11 41 3
200 11 36 3
204 11 35 3
205 11 33 3
207 11 39 3
fn=acquire:100
100 23 69 3
106 23 78 3
107 23 72 3
108 23 67 2
109 23 66 2
110 46 157 3
111 23 70 3
112 23 68 2
113 23 71 3
114 23 65 2
123 23 70 3
fn=_find_and_load_unlocked:987
987 11 40 3
988 11 42 3
989 11 47 4
990 11 42 3
991 6 23 3
994 6 21 3
996 6 24 4
997 6 20 3
998 6 24 4
1002 11 141 12
cfl=<frozen importlib._bootstrap>
cfn=_find_spec:921
calls=11 921
1002 11 15324 1393
1003 11 42 3
1006 11 146 13
cfl=<frozen importlib._bootstrap>
cfn=_load_unlocked:664
calls=11 664
1006 11 189727 17247
1007 11 46 4
1009 6 23 3
1010 6 26 4
1011 6 20 3
1012 6 29 4
1016 11 39 3
fn=_find_spec:921
921 11 42 3
923 11 43 3
924 11 40 3
929 11 42 3
935 11 40 3
936 31 108 3
937 62 527 8
cfl=<frozen importlib._bootstrap>
cfn=__enter__:893
calls=31 893
937 31 174 5
cfl=<frozen importlib._bootstrap>
cfn=__exit__:897
calls=31 897
937 31 187 6
938 31 104 3
939 31 118 3
945 31 274 8
cfl=<frozen importlib._bootstrap>
cfn=find_spec:746
calls=11 746
945 11 224 20
cfl=<frozen importlib._bootstrap>
cfn=find_spec:826
calls=10 826
945 10 96 9
cfl=<frozen importlib._bootstrap_external>
cfn=find_spec:1422
calls=10 1422
945 10 13113 1311
946 31 108 3
948 11 38 3
963 11 38 3
fn=__enter__:893
893 31 77 2
895 31 97 3
fn=find_spec:746
746 11 33 3
748 11 35 3
749 6 16 2
750 5 21 4
751 1 10 10
cfl=<frozen importlib._bootstrap>
cfn=spec_from_loader:421
calls=1 421
751 1 94 94
753 4 12 3
fn=__exit__:897
897 31 82 2
899 31 105 3
fn=find_spec:826
826 10 28 2
828 10 37 3
831 10 29 2
fn=_verbose_message:244
244 118 335 2
246 118 383 3
fn=__init__:357
357 11 34 3
359 11 38 3
360 11 37 3
361 11 34 3
362 11 32 2
363 11 36 3
366 11 31 2
367 11 34 3
fn=_load_unlocked:664
664 11 36 3
666 11 36 3
668 11 39 3
674 11 93 8
cfl=<frozen importlib._bootstrap>
cfn=module_from_spec:564
calls=11 564
674 11 3772 342
679 11 36 3
680 11 36 3
681 11 39 3
682 11 33 3
683 11 35 3
688 11 163 14
cfl=<frozen importlib._bootstrap>
cfn=exec_module:778
calls=1 778
688 1 27 27
cfl=<frozen importlib._bootstrap_external>
cfn=exec_module:877
calls=7 877
688 7 189173 27024
cfl=<frozen importlib._bootstrap_external>
cfn=exec_module:1182
calls=3 1182
688 3 138 46
699 11 51 4
700 11 41 3
701 11 106 9
cfl=<frozen importlib._bootstrap>
cfn=_verbose_message:244
calls=11 244
701 11 78 7
703 11 36 3
705 11 36 3
fn=module_from_spec:564
564 11 32 2
567 11 35 3
568 11 36 3
571 11 93 8
cfl=<frozen importlib._bootstrap_external>
cfn=create_module:874
calls=7 874
571 7 39 5
cfl=<frozen importlib._bootstrap>
cfn=create_module:770
calls=1 770
571 1 29 29
cfl=<frozen importlib._bootstrap_external>
cfn=create_module:1174
calls=3 1174
571 3 439 146
575 11 34 3
576 7 56 8
cfl=<frozen importlib._bootstrap>
cfn=_new_module:48
calls=7 48
576 7 47 6
577 11 95 8
cfl=<frozen importlib._bootstrap>
cfn=_init_module_attrs:492
calls=11 492
577 11 2797 254
578 11 34 3
fn=_new_module:48
48 7 20 2
49 7 27 3
fn=_init_module_attrs:492
492 11 33 3
496 11 43 3
502 11 38 3
503 11 36 3
504 11 35 3
525 11 33 3
526 11 36 3
530 11 38 3
531 11 33 3
532 11 94 8
cfl=<frozen importlib._bootstrap>
cfn=parent:404
calls=11 404
532 11 99 9
536 11 36 3
537 11 37 3
541 11 59 5
542 11 35 3
543 1 3 3
544 1 4 4
548 11 89 8
cfl=<frozen importlib._bootstrap>
cfn=has_location:412
calls=11 412
548 11 64 5
549 10 41 4
550 8 27 3
551 8 27 3
555 10 40 4
556 10 84 8
cfl=<frozen importlib._bootstrap>
cfn=cached:391
calls=10 391
556 10 1547 154
557 7 23 3
558 7 56 8
cfl=<frozen importlib._bootstrap>
cfn=cached:391
calls=7 391
558 7 59 8
561 11 36 3
fn=parent:404
404 109 1270 11
407 109 377 3
408 49 162 3
410 60 184 3
fn=has_location:412
412 11 29 2
414 11 34 3
fn=cached:391
391 17 44 2
393 17 53 3
394 10 29 2
395 10 31 3
397 10 83 8
cfl=<frozen importlib._bootstrap_external>
cfn=_get_cached:510
calls=10 510
397 10 1312 131
398 17 51 3
fn=_call_with_frames_removed:233
233 20 57 2
241 20 688 34
cfl=/usr/lib/python3.10/site-packages/psutil/_common.py
cfn=<module>:1
calls=1 1
241 1 30530 30530
cfl=<frozen importlib._bootstrap>
cfn=_find_and_load:1022
calls=5 1022
241 5 169293 33858
cfl=<frozen importlib._bootstrap>
cfn=_lock_unlock_module:216
calls=5 216
241 5 596 119
cfl=/usr/lib/python3.10/site-packages/psutil/_compat.py
cfn=<module>:1
calls=1 1
241 1 373 373
cfl=/usr/lib/python3.10/glob.py
cfn=<module>:1
calls=1 1
241 1 7834 7834
cfl=/usr/lib/python3.10/traceback.py
cfn=<module>:1
calls=1 1
241 1 839 839
cfl=/usr/lib/python3.10/site-packages/psutil/_psposix.py
cfn=<module>:1
calls=1 1
241 1 18732 18732
cfl=/usr/lib/python3.10/site-packages/psutil/_pslinux.py
cfn=<module>:1
calls=1 1
241 1 133249 133249
cfl=/usr/lib/python3.10/site-packages/psutil/__init__.py
cfn=<module>:1
calls=1 1
241 1 188114 188114
fn=spec_from_loader:421
421 1 3 3
423 1 5 5
434 1 3 3
435 1 4 4
436 1 3 3
437 1 10 10
cfl=<frozen importlib._bootstrap>
cfn=_requires_builtin_wrapper:254
calls=1 254
437 1 25 25
444 1 11 11
cfl=<frozen importlib._bootstrap>
cfn=__init__:357
calls=1 357
444 1 24 24
fn=_requires_builtin_wrapper:254
254 1 3 3
255 1 4 4
258 1 11 11
cfl=<frozen importlib._bootstrap>
cfn=is_package:795
calls=1 795
258 1 6 6
fn=is_package:795
795 1 3 3
799 1 3 3
fn=create_module:770
770 1 2 2
773 1 4 4
776 1 11 11
cfl=<frozen importlib._bootstrap>
cfn=_call_with_frames_removed:233
calls=1 233
776 1 10 10
fn=exec_module:778
778 1 2 2
781 1 9 9
cfl=<frozen importlib._bootstrap>
cfn=_call_with_frames_removed:233
calls=1 233
781 1 15 15
fn=__exit__:173
173 11 33 3
174 11 104 9
cfl=<frozen importlib._bootstrap>
cfn=release:125
calls=11 125
174 11 367 33
fn=release:125
125 23 66 2
126 23 79 3
127 46 160 3
128 23 69 3
130 23 71 3
131 23 73 3
132 23 69 3
133 11 31 2
134 11 35 3
fn=_lock_unlock_module:216
216 12 142 11
222 12 112 9
cfl=<frozen importlib._bootstrap>
cfn=_get_module_lock:179
calls=12 179
222 12 327 27
223 12 39 3
224 12 96 8
cfl=<frozen importlib._bootstrap>
cfn=acquire:100
calls=12 100
224 12 451 37
230 12 96 8
cfl=<frozen importlib._bootstrap>
cfn=release:125
calls=12 125
230 12 290 24
fn=_handle_fromlist:1053
1053 10 170 17
1063 20 80 4
1064 10 41 4
1071 10 36 3
1075 10 52 5
1076 5 26 5
1077 5 18 3
1078 5 66 13
cfl=<frozen importlib._bootstrap>
cfn=_call_with_frames_removed:233
calls=5 233
1078 5 169579 33915
1087 10 33 3
fl=<string>_6
fn=<module>:1
1 2 12 6
fl=<string>_21
fn=<module>:1
1 2 17 8
fl=<string>_22
fn=<module>:1
1 2 11 5
fl=/usr/lib/python3.10/sre_parse.py
fn=parse:937
937 10 29 2
940 10 96 9
cfl=/usr/lib/python3.10/sre_parse.py
cfn=__init__:224
calls=10 224
940 10 590 59
942 10 34 3
943 10 87 8
cfl=/usr/lib/python3.10/sre_parse.py
cfn=__init__:76
calls=10 76
943 10 154 15
944 10 32 3
945 10 32 3
947 10 31 3
948 10 101 10
cfl=/usr/lib/python3.10/sre_parse.py
cfn=_parse_sub:435
calls=10 435
948 10 35880 3588
958 10 89 8
cfl=/usr/lib/python3.10/sre_parse.py
cfn=fix_flags:921
calls=10 921
958 10 165 16
960 10 35 3
964 10 32 3
967 10 30 3
fn=__init__:224
224 10 28 2
225 10 36 3
226 10 32 3
227 10 30 3
228 9 32 3
229 10 31 3
230 10 30 3
231 10 30 3
232 10 91 9
cfl=/usr/lib/python3.10/sre_parse.py
cfn=__next:233
calls=10 233
232 10 247 24
fn=__next:233
233 162 433 2
234 162 495 3
235 162 480 2
236 162 522 3
237 10 33 3
238 10 33 3
239 10 36 3
240 152 441 2
241 30 84 2
242 30 88 2
243 30 100 3
247 152 446 2
248 152 442 2
fn=__init__:76
76 10 27 2
77 10 32 3
78 10 30 3
79 10 33 3
80 10 30 3
fn=_parse_sub:435
435 25 105 4
438 25 105 4
439 25 105 4
440 25 96 3
441 25 209 8
cfl=/usr/lib/python3.10/sre_parse.py
cfn=tell:286
calls=25 286
441 25 148 5
442 25 96 3
443 50 454 9
cfl=/usr/lib/python3.10/sre_parse.py
cfn=_parse:493
calls=25 493
443 25 35032 1401
444 25 93 3
445 25 214 8
cfl=/usr/lib/python3.10/sre_parse.py
cfn=match:249
calls=25 249
445 25 214 8
446 25 92 3
448 25 93 3
449 25 90 3
fn=tell:286
286 59 177 3
287 59 201 3
fn=_parse:493
493 25 186 7
495 25 340 13
cfl=/usr/lib/python3.10/sre_parse.py
cfn=__init__:111
calls=25 111
495 25 462 18
498 25 184 7
499 25 188 7
500 25 188 7
501 25 180 7
502 25 176 7
504 154 1187 7
506 154 1012 6
507 154 1010 6
508 10 67 6
509 144 933 6
510 15 105 7
511 129 1569 12
cfl=/usr/lib/python3.10/sre_parse.py
cfn=get:254
calls=129 254
511 129 4984 38
513 129 854 6
524 129 856 6
525 30 406 13
cfl=/usr/lib/python3.10/sre_parse.py
cfn=_escape:355
calls=30 355
525 30 638 21
526 30 398 13
cfl=/usr/lib/python3.10/sre_parse.py
cfn=append:172
calls=30 172
526 30 189 6
528 99 648 6
529 64 832 13
cfl=/usr/lib/python3.10/sre_parse.py
cfn=append:172
calls=64 172
529 64 399 6
531 35 247 7
532 2 25 12
cfl=/usr/lib/python3.10/sre_parse.py
cfn=tell:286
calls=2 286
532 2 12 6
534 2 14 7
535 2 14 7
538 2 14 7
544 2 28 14
cfl=/usr/lib/python3.10/sre_parse.py
cfn=match:249
calls=2 249
544 2 17 8
546 8 53 6
547 8 97 12
cfl=/usr/lib/python3.10/sre_parse.py
cfn=get:254
calls=8 254
547 8 293 36
548 8 51 6
551 8 49 6
552 2 12 6
553 6 38 6
556 6 38 6
567 6 38 6
568 6 73 12
cfl=/usr/lib/python3.10/sre_parse.py
cfn=match:249
calls=6 249
568 6 54 9
601 6 38 6
603 6 37 6
605 2 35 17
cfl=/usr/lib/python3.10/sre_parse.py
cfn=_uniq:432
calls=2 432
605 2 19 9
607 2 14 7
614 2 13 6
618 2 28 14
cfl=/usr/lib/python3.10/sre_parse.py
cfn=append:172
calls=2 172
618 2 14 7
620 33 265 8
622 17 213 12
cfl=/usr/lib/python3.10/sre_parse.py
cfn=tell:286
calls=17 286
622 17 118 6
623 17 115 6
625 17 113 6
626 1 8 8
628 16 102 6
629 16 111 6
663 17 219 12
cfl=/usr/lib/python3.10/sre_parse.py
cfn=__len__:160
calls=17 160
663 17 108 6
664 17 223 13
cfl=/usr/lib/python3.10/sre_parse.py
cfn=__getitem__:164
calls=17 164
664 17 488 28
667 17 324 19
cfl=/usr/lib/python3.10/sre_parse.py
cfn=__len__:160
calls=17 160
667 17 101 5
cfl=/usr/lib/python3.10/sre_parse.py
cfn=__getitem__:164
calls=17 164
667 17 157 9
670 17 214 12
cfl=/usr/lib/python3.10/sre_parse.py
cfn=__getitem__:164
calls=17 164
670 17 152 8
673 17 217 12
cfl=/usr/lib/python3.10/sre_parse.py
cfn=__getitem__:164
calls=17 164
673 17 153 9
677 17 220 12
cfl=/usr/lib/python3.10/sre_parse.py
cfn=match:249
calls=17 249
677 17 154 9
680 17 224 13
cfl=/usr/lib/python3.10/sre_parse.py
cfn=__setitem__:168
calls=17 168
680 17 110 6
682 16 102 6
683 1 13 13
cfl=/usr/lib/python3.10/sre_parse.py
cfn=append:172
calls=1 172
683 1 6 6
685 15 95 6
686 15 190 12
cfl=/usr/lib/python3.10/sre_parse.py
cfn=tell:286
calls=15 286
686 15 99 6
687 15 98 6
688 15 96 6
689 15 97 6
690 15 102 6
691 15 191 12
cfl=/usr/lib/python3.10/sre_parse.py
cfn=match:249
calls=15 249
691 15 141 9
827 15 95 6
828 15 92 6
829 15 202 13
cfl=/usr/lib/python3.10/sre_parse.py
cfn=opengroup:84
calls=15 84
829 15 605 40
832 15 101 6
834 15 218 14
cfl=/usr/lib/python3.10/sre_parse.py
cfn=_parse_sub:435
calls=15 435
834 15 11352 756
835 15 201 13
cfl=/usr/lib/python3.10/sre_parse.py
cfn=match:249
calls=15 249
835 15 626 41
838 15 96 6
839 15 200 13
cfl=/usr/lib/python3.10/sre_parse.py
cfn=closegroup:96
calls=15 96
839 15 1649 109
840 15 194 12
cfl=/usr/lib/python3.10/sre_parse.py
cfn=append:172
calls=15 172
840 15 97 6
852 137 1033 7
cfl=/usr/lib/python3.10/sre_parse.py
cfn=__len__:160
calls=25 160
852 25 158 6
853 112 1408 12
cfl=/usr/lib/python3.10/sre_parse.py
cfn=__getitem__:164
calls=112 164
853 112 1009 9
854 112 689 6
855 15 91 6
856 15 92 6
859 25 153 6
fn=__init__:111
111 42 128 3
112 42 133 3
113 42 124 2
114 25 73 2
115 42 122 2
116 42 124 2
fn=get:254
254 137 446 3
255 137 412 3
256 137 1006 7
cfl=/usr/lib/python3.10/sre_parse.py
cfn=__next:233
calls=137 233
256 137 3014 22
257 137 396 2
fn=match:249
249 80 246 3
250 80 240 3
251 15 113 7
cfl=/usr/lib/python3.10/sre_parse.py
cfn=__next:233
calls=15 233
251 15 376 25
252 15 45 3
253 65 188 2
fn=opengroup:84
84 15 54 3
85 15 117 7
cfl=/usr/lib/python3.10/sre_parse.py
cfn=groups:81
calls=15 81
85 15 97 6
86 15 52 3
87 15 113 7
cfl=/usr/lib/python3.10/sre_parse.py
cfn=groups:81
calls=15 81
87 15 80 5
89 15 43 2
95 15 46 3
fn=groups:81
81 50 126 2
83 50 163 3
fn=_uniq:432
432 2 7 3
433 2 11 5
fn=append:172
172 112 356 3
173 112 351 3
fn=__len__:160
160 76 229 3
161 76 233 3
fn=__getitem__:164
164 261 788 3
165 261 782 2
166 17 133 7
cfl=/usr/lib/python3.10/sre_parse.py
cfn=__init__:111
calls=17 111
166 17 245 14
167 244 729 2
fn=closegroup:96
96 15 51 3
97 15 131 8
cfl=/usr/lib/python3.10/sre_parse.py
cfn=getwidth:174
calls=15 174
97 15 1465 97
fn=getwidth:174
174 57 188 3
176 57 209 3
177 15 53 3
178 42 156 3
179 171 574 3
180 129 432 3
189 129 423 3
193 129 419 3
194 15 135 9
cfl=/usr/lib/python3.10/sre_parse.py
cfn=getwidth:174
calls=15 174
194 15 156 10
195 15 52 3
196 15 50 3
197 114 376 3
198 17 154 9
cfl=/usr/lib/python3.10/sre_parse.py
cfn=getwidth:174
calls=17 174
198 17 823 48
199 17 62 3
200 17 65 3
201 97 317 3
202 97 313 3
203 97 328 3
220 42 173 4
221 42 139 3
fn=fix_flags:921
921 10 27 2
923 10 35 3
924 1 3 3
926 1 4 4
927 1 4 4
931 9 27 3
933 9 30 3
935 10 33 3
fn=_escape:355
355 30 123 4
357 30 120 4
358 30 106 3
359 16 54 3
360 14 55 3
361 14 49 3
362 12 41 3
363 2 6 3
364 2 8 4
365 2 8 4
371 2 8 4
377 2 7 3
385 2 9 4
397 2 7 3
401 2 7 3
424 2 8 4
425 2 7 3
427 2 8 4
fn=__setitem__:168
168 17 57 3
169 17 53 3
fl=/usr/lib/python3.10/collections/__init__.py
fn=namedtuple:328
328 34 481 14
354 34 270 7
355 2 15 7
356 34 244 7
357 34 217 6
359 34 212 6
369 253 1453 5
370 219 1274 5
372 219 1285 5
375 219 1275 5
379 34 196 5
380 219 1231 5
381 185 1087 5
384 185 1043 5
386 185 1061 5
388 34 185 5
389 34 193 5
397 34 218 6
398 34 196 5
399 34 204 6
400 34 192 5
402 34 1497 44
cfl=/usr/lib/python3.10/collections/__init__.py
cfn=<genexpr>:402
calls=219 402
402 219 1365 6
403 34 204 6
404 34 199 5
408 34 180 5
409 34 178 5
410 34 177 5
411 34 177 5
413 34 181 5
414 34 1705 50
cfl=<string>
cfn=<module>:1
calls=1 1
414 1 13 13
cfl=<string>_0
cfn=<module>:1
calls=1 1
414 1 12 12
cfl=<string>_1
cfn=<module>:1
calls=1 1
414 1 12 12
cfl=<string>_2
cfn=<module>:1
calls=1 1
414 1 12 12
cfl=<string>_3
cfn=<module>:1
calls=1 1
414 1 11 11
cfl=<string>_4
cfn=<module>:1
calls=1 1
414 1 10 10
cfl=<string>_5
cfn=<module>:1
calls=1 1
414 1 12 12
cfl=<string>_6
cfn=<module>:1
calls=1 1
414 1 12 12
cfl=<string>_7
cfn=<module>:1
calls=1 1
414 1 14 14
cfl=<string>_8
cfn=<module>:1
calls=1 1
414 1 11 11
cfl=<string>_9
cfn=<module>:1
calls=1 1
414 1 11 11
cfl=<string>_10
cfn=<module>:1
calls=1 1
414 1 11 11
cfl=<string>_11
cfn=<module>:1
calls=1 1
414 1 11 11
cfl=<string>_12
cfn=<module>:1
calls=1 1
414 1 11 11
cfl=<string>_13
cfn=<module>:1
calls=1 1
414 1 12 12
cfl=<string>_14
cfn=<module>:1
calls=1 1
414 1 11 11
cfl=<string>_15
cfn=<module>:1
calls=1 1
414 1 11 11
cfl=<string>_16
cfn=<module>:1
calls=2 1
414 2 25 12
cfl=<string>_18
cfn=<module>:1
calls=1 1
414 1 11 11
cfl=<string>_19
cfn=<module>:1
calls=1 1
414 1 11 11
cfl=<string>_20
cfn=<module>:1
calls=1 1
414 1 11 11
cfl=<string>_21
cfn=<module>:1
calls=1 1
414 1 17 17
cfl=<string>_22
cfn=<module>:1
calls=1 1
414 1 11 11
cfl=<string>_23
cfn=<module>:1
calls=1 1
414 1 15 15
cfl=<string>_24
cfn=<module>:1
calls=1 1
414 1 12 12
cfl=<string>_25
cfn=<module>:1
calls=1 1
414 1 11 11
cfl=<string>_26
cfn=<module>:1
calls=1 1
414 1 13 13
cfl=<string>_27
cfn=<module>:1
calls=1 1
414 1 13 13
cfl=<string>_28
cfn=<module>:1
calls=1 1
414 1 12 12
cfl=<string>_29
cfn=<module>:1
calls=1 1
414 1 12 12
cfl=<string>_30
cfn=<module>:1
calls=1 1
414 1 14 14
cfl=<string>_31
cfn=<module>:1
calls=1 1
414 1 13 13
cfl=<string>_32
cfn=<module>:1
calls=1 1
414 1 15 15
415 34 186 5
416 34 185 5
417 34 169 4
420 34 167 4
421 34 201 5
427 34 179 5
430 34 184 5
436 34 171 5
439 34 165 4
443 34 169 4
447 34 159 4
452 238 1105 4
453 34 156 4
454 34 157 4
455 34 153 4
456 34 153 4
457 34 155 4
458 34 154 4
460 204 982 4
464 34 169 4
465 34 157 4
466 34 151 4
467 34 150 4
468 34 156 4
469 34 150 4
470 34 154 4
471 34 152 4
472 34 150 4
473 34 162 4
474 34 151 4
475 34 150 4
477 219 1429 6
478 185 891 4
479 185 845 4
481 34 440 12
488 34 155 4
489 34 144 4
490 34 166 4
493 34 147 4
494 34 153 4
496 34 145 4
fn=<genexpr>:402
402 438 1365 3
fl=/usr/lib/python3.10/site-packages/psutil/__init__.py
fn=<module>:1
1 1 50 50
7 1 27 27
23 1 26 26
25 1 23 23
26 1 22 22
27 1 22 22
28 1 21 21
29 1 22 22
30 1 21 21
31 1 21 21
32 1 22 22
33 1 23 23
34 1 22 22
37 1 21 21
38 1 59 59
cfl=<frozen importlib._bootstrap>
cfn=_find_and_load:1022
calls=1 1022
38 1 801 801
42 1 147 147
cfl=<frozen importlib._bootstrap>
cfn=parent:404
calls=1 404
42 1 27 27
cfl=<frozen importlib._bootstrap>
cfn=_lock_unlock_module:216
calls=1 216
42 1 140 140
cfl=<frozen importlib._bootstrap>
cfn=_handle_fromlist:1053
calls=1 1053
42 1 33512 33512
43 1 63 63
cfl=<frozen importlib._bootstrap>
cfn=parent:404
calls=1 404
43 1 36 36
44 1 57 57
cfl=<frozen importlib._bootstrap>
cfn=parent:404
calls=1 404
44 1 19 19
45 1 57 57
cfl=<frozen importlib._bootstrap>
cfn=parent:404
calls=1 404
45 1 18 18
46 1 57 57
cfl=<frozen importlib._bootstrap>
cfn=parent:404
calls=1 404
46 1 18 18
47 1 56 56
cfl=<frozen importlib._bootstrap>
cfn=parent:404
calls=1 404
47 1 18 18
48 1 59 59
cfl=<frozen importlib._bootstrap>
cfn=parent:404
calls=1 404
48 1 19 19
49 1 58 58
cfl=<frozen importlib._bootstrap>
cfn=parent:404
calls=1 404
49 1 18 18
50 1 58 58
cfl=<frozen importlib._bootstrap>
cfn=parent:404
calls=1 404
50 1 20 20
51 1 57 57
cfl=<frozen importlib._bootstrap>
cfn=parent:404
calls=1 404
51 1 18 18
52 1 57 57
cfl=<frozen importlib._bootstrap>
cfn=parent:404
calls=1 404
52 1 18 18
53 1 56 56
cfl=<frozen importlib._bootstrap>
cfn=parent:404
calls=1 404
53 1 18 18
54 1 57 57
cfl=<frozen importlib._bootstrap>
cfn=parent:404
calls=1 404
54 1 18 18
55 1 57 57
cfl=<frozen importlib._bootstrap>
cfn=parent:404
calls=1 404
55 1 18 18
56 1 56 56
cfl=<frozen importlib._bootstrap>
cfn=parent:404
calls=1 404
56 1 18 18
57 1 56 56
cfl=<frozen importlib._bootstrap>
cfn=parent:404
calls=1 404
57 1 18 18
58 1 57 57
cfl=<frozen importlib._bootstrap>
cfn=parent:404
calls=1 404
58 1 18 18
59 1 57 57
cfl=<frozen importlib._bootstrap>
cfn=parent:404
calls=1 404
59 1 18 18
60 1 57 57
cfl=<frozen importlib._bootstrap>
cfn=parent:404
calls=1 404
60 1 18 18
61 1 59 59
cfl=<frozen importlib._bootstrap>
cfn=parent:404
calls=1 404
61 1 18 18
62 1 58 58
cfl=<frozen importlib._bootstrap>
cfn=parent:404
calls=1 404
62 1 18 18
63 1 59 59
cfl=<frozen importlib._bootstrap>
cfn=parent:404
calls=1 404
63 1 18 18
64 1 59 59
cfl=<frozen importlib._bootstrap>
cfn=parent:404
calls=1 404
64 1 20 20
65 1 57 57
cfl=<frozen importlib._bootstrap>
cfn=parent:404
calls=1 404
65 1 18 18
66 1 58 58
cfl=<frozen importlib._bootstrap>
cfn=parent:404
calls=1 404
66 1 18 18
67 1 57 57
cfl=<frozen importlib._bootstrap>
cfn=parent:404
calls=1 404
67 1 18 18
68 1 57 57
cfl=<frozen importlib._bootstrap>
cfn=parent:404
calls=1 404
68 1 18 18
69 1 57 57
cfl=<frozen importlib._bootstrap>
cfn=parent:404
calls=1 404
69 1 18 18
70 1 60 60
cfl=<frozen importlib._bootstrap>
cfn=parent:404
calls=1 404
70 1 18 18
71 1 57 57
cfl=<frozen importlib._bootstrap>
cfn=parent:404
calls=1 404
71 1 18 18
72 1 56 56
cfl=<frozen importlib._bootstrap>
cfn=parent:404
calls=1 404
72 1 18 18
73 1 58 58
cfl=<frozen importlib._bootstrap>
cfn=parent:404
calls=1 404
73 1 22 22
74 1 57 57
cfl=<frozen importlib._bootstrap>
cfn=parent:404
calls=1 404
74 1 18 18
75 1 57 57
cfl=<frozen importlib._bootstrap>
cfn=parent:404
calls=1 404
75 1 18 18
76 1 57 57
cfl=<frozen importlib._bootstrap>
cfn=parent:404
calls=1 404
76 1 18 18
77 1 56 56
cfl=<frozen importlib._bootstrap>
cfn=parent:404
calls=1 404
77 1 18 18
78 1 58 58
cfl=<frozen importlib._bootstrap>
cfn=parent:404
calls=1 404
78 1 18 18
79 1 57 57
cfl=<frozen importlib._bootstrap>
cfn=parent:404
calls=1 404
79 1 18 18
80 1 57 57
cfl=<frozen importlib._bootstrap>
cfn=parent:404
calls=1 404
80 1 18 18
81 1 61 61
cfl=<frozen importlib._bootstrap>
cfn=parent:404
calls=1 404
81 1 18 18
82 1 57 57
cfl=<frozen importlib._bootstrap>
cfn=parent:404
calls=1 404
82 1 18 18
83 1 57 57
cfl=<frozen importlib._bootstrap>
cfn=parent:404
calls=1 404
83 1 18 18
84 1 58 58
cfl=<frozen importlib._bootstrap>
cfn=parent:404
calls=1 404
84 1 19 19
85 1 57 57
cfl=<frozen importlib._bootstrap>
cfn=parent:404
calls=1 404
85 1 18 18
86 1 57 57
cfl=<frozen importlib._bootstrap>
cfn=parent:404
calls=1 404
86 1 26 26
87 1 57 57
cfl=<frozen importlib._bootstrap>
cfn=parent:404
calls=1 404
87 1 18 18
88 1 56 56
cfl=<frozen importlib._bootstrap>
cfn=parent:404
calls=1 404
88 1 18 18
89 1 57 57
cfl=<frozen importlib._bootstrap>
cfn=parent:404
calls=1 404
89 1 18 18
90 1 100 100
cfl=<frozen importlib._bootstrap>
cfn=parent:404
calls=1 404
90 1 17 17
cfl=<frozen importlib._bootstrap>
cfn=_find_and_load:1022
calls=1 1022
90 1 2727 2727
91 1 59 59
cfl=<frozen importlib._bootstrap>
cfn=parent:404
calls=1 404
91 1 19 19
92 1 59 59
cfl=<frozen importlib._bootstrap>
cfn=parent:404
calls=1 404
92 1 19 19
93 1 69 69
cfl=<frozen importlib._bootstrap>
cfn=parent:404
calls=1 404
93 1 18 18
94 1 56 56
cfl=<frozen importlib._bootstrap>
cfn=parent:404
calls=1 404
94 1 19 19
97 1 22 22
100 1 23 23
102 1 165 165
cfl=<frozen importlib._bootstrap>
cfn=parent:404
calls=1 404
102 1 18 18
cfl=<frozen importlib._bootstrap>
cfn=_lock_unlock_module:216
calls=1 216
102 1 130 130
cfl=<frozen importlib._bootstrap>
cfn=_handle_fromlist:1053
calls=1 1053
102 1 136197 136197
103 1 76 76
cfl=<frozen importlib._bootstrap>
cfn=parent:404
calls=1 404
103 1 20 20
104 1 58 58
cfl=<frozen importlib._bootstrap>
cfn=parent:404
calls=1 404
104 1 18 18
105 1 57 57
cfl=<frozen importlib._bootstrap>
cfn=parent:404
calls=1 404
105 1 18 18
106 1 57 57
cfl=<frozen importlib._bootstrap>
cfn=parent:404
calls=1 404
106 1 19 19
148 1 26 26
196 1 24 24
199 1 24 24
201 1 127 127
cfl=<frozen importlib._bootstrap>
cfn=parent:404
calls=1 404
201 1 18 18
cfl=<frozen importlib._bootstrap>
cfn=_lock_unlock_module:216
calls=1 216
201 1 128 128
cfl=<frozen importlib._bootstrap>
cfn=_handle_fromlist:1053
calls=1 1053
201 1 36 36
203 1 23 23
204 1 22 22
205 30 396 13
206 29 376 12
207 17 226 13
208 17 221 13
209 1 12 12
211 1 24 24
213 1 22 22
214 1 23 23
215 1 59 59
cfl=/usr/lib/python3.10/site-packages/psutil/__init__.py
cfn=<listcomp>:215
calls=1 215
215 1 39 39
217 1 22 22
218 1 22 22
219 1 22 22
220 1 21 21
228 2 47 23
229 1 23 23
249 1 13 13
251 1 22 22
266 1 22 22
282 1 22 22
298 1 87 87
cfl=/usr/lib/python3.10/site-packages/psutil/__init__.py
cfn=Process:298
calls=1 298
298 1 2772 2772
1273 2 48 24
1274 1 75 75
cfl=/usr/lib/python3.10/site-packages/psutil/__init__.py
cfn=<listcomp>:1274
calls=1 1274
1274 1 505 505
1285 1 61 61
cfl=/usr/lib/python3.10/site-packages/psutil/__init__.py
cfn=Popen:1285
calls=1 1285
1285 1 62 62
1369 1 22 22
1377 1 22 22
1395 1 24 24
1398 1 22 22
1474 1 22 22
1570 1 21 21
1593 1 22 22
1621 1 21 21
1622 1 79 79
cfl=/usr/lib/python3.10/site-packages/psutil/__init__.py
cfn=cpu_times:1593
calls=1 1593
1622 1 326 326
1627 1 22 22
1628 1 62 62
cfl=/usr/lib/python3.10/site-packages/psutil/__init__.py
cfn=cpu_times:1593
calls=1 1593
1628 1 1540 1540
1634 1 23 23
1653 1 22 22
1669 1 23 23
1690 1 22 22
1779 1 22 22
1780 1 22 22
1783 1 22 22
1852 1 21 21
1857 1 22 22
1859 1 24 24
1899 1 23 23
1902 1 23 23
1905 1 24 24
1906 1 412 412
1910 1 24 24
1918 1 22 22
1977 1 22 22
1998 1 22 22
2006 1 22 22
2034 1 21 21
2081 2 46 23
2082 1 22 22
2083 1 13 13
2091 1 22 22
2130 2 44 22
2131 1 22 22
2132 1 13 13
2135 1 21 21
2164 1 22 22
2212 1 24 24
2233 1 23 23
2235 1 25 25
2267 1 23 23
2271 1 21 21
2273 1 22 22
2280 1 22 22
2284 1 22 22
2286 1 21 21
2298 1 22 22
2306 1 22 22
2313 1 24 24
2331 1 21 21
2349 1 23 23
2358 1 22 22
2419 1 21 21
2420 1 22 22
2423 1 22 22
fn=<listcomp>:215
215 5 39 7
fn=_assert_pid_not_reused:266
266 6 45 7
270 6 52 8
cfl=/usr/lib/python3.10/functools.py
cfn=wraps:65
calls=6 65
270 6 72 12
271 6 55 9
cfl=/usr/lib/python3.10/functools.py
cfn=update_wrapper:35
calls=6 35
271 6 486 81
279 6 19 3
fn=Process:298
298 2 42 21
299 1 7 7
331 1 11 11
334 1 10 10
382 1 11 11
409 1 10 10
411 1 10 10
418 1 10 10
421 1 12 12
426 1 11 11
427 1 45 45
433 1 12 12
434 1 30 30
cfl=/usr/lib/python3.10/contextlib.py
cfn=contextmanager:252
calls=1 252
434 1 141 141
500 1 11 11
544 1 11 11
563 1 10 10
574 1 10 10
599 1 11 11
600 1 28 28
cfl=/usr/lib/python3.10/site-packages/psutil/_common.py
cfn=memoize_when_activated:411
calls=1 411
600 1 142 142
617 1 13 13
643 1 11 11
682 1 10 10
686 1 11 11
693 1 10 10
711 1 11 11
720 1 11 11
724 1 10 10
733 1 11 11
735 1 10 10
736 1 28 28
cfl=/usr/lib/python3.10/site-packages/psutil/_common.py
cfn=memoize_when_activated:411
calls=1 411
736 1 133 133
742 1 11 11
748 1 10 10
754 1 12 12
761 1 21 21
763 1 10 10
773 1 10 10
775 1 10 10
795 1 11 11
797 1 10 10
810 1 11 11
812 1 11 11
831 1 10 10
833 1 10 10
844 1 10 10
846 1 10 10
851 1 10 10
859 1 13 13
865 1 11 11
869 1 11 11
871 1 10 10
879 1 10 10
880 1 28 28
cfl=/usr/lib/python3.10/site-packages/psutil/__init__.py
cfn=_assert_pid_not_reused:266
calls=1 266
880 1 131 131
949 1 11 11
1041 1 11 11
1042 1 27 27
cfl=/usr/lib/python3.10/site-packages/psutil/_common.py
cfn=memoize_when_activated:411
calls=1 411
1042 1 134 134
1052 1 11 11
1053 1 28 28
cfl=/usr/lib/python3.10/site-packages/psutil/_common.py
cfn=memoize_when_activated:411
calls=1 411
1053 1 135 135
1063 1 30 30
cfl=/usr/lib/python3.10/site-packages/psutil/_common.py
cfn=deprecated_method:591
calls=1 591
1063 1 20 20
1064 1 30 30
cfl=/usr/lib/python3.10/site-packages/psutil/_common.py
cfn=outer:595
calls=1 595
1064 1 154 154
1067 1 12 12
1083 1 10 10
1112 1 11 11
1113 1 10 10
1140 1 10 10
1147 1 11 11
1173 1 10 10
1174 1 12 12
1195 1 10 10
1196 1 31 31
cfl=/usr/lib/python3.10/site-packages/psutil/__init__.py
cfn=_assert_pid_not_reused:266
calls=1 266
1196 1 121 121
1207 1 12 12
1208 1 28 28
cfl=/usr/lib/python3.10/site-packages/psutil/__init__.py
cfn=_assert_pid_not_reused:266
calls=1 266
1208 1 119 119
1218 1 10 10
1219 1 28 28
cfl=/usr/lib/python3.10/site-packages/psutil/__init__.py
cfn=_assert_pid_not_reused:266
calls=1 266
1219 1 120 120
1229 1 11 11
1230 1 27 27
cfl=/usr/lib/python3.10/site-packages/psutil/__init__.py
cfn=_assert_pid_not_reused:266
calls=1 266
1230 1 118 118
1240 1 10 10
1241 1 29 29
cfl=/usr/lib/python3.10/site-packages/psutil/__init__.py
cfn=_assert_pid_not_reused:266
calls=1 266
1241 1 119 119
1250 1 11 11
fn=<listcomp>:1274
1274 118 378 3
1275 44 126 2
fn=Popen:1285
1285 2 28 14
1286 1 6 6
1315 1 5 5
1322 1 4 4
1325 1 4 4
1330 1 4 4
1346 1 4 4
1356 1 5 5
fn=cpu_times:1593
1593 4 53 13
1615 4 23 5
1616 3 51 17
cfl=/usr/lib/python3.10/site-packages/psutil/_pslinux.py
cfn=cpu_times:595
calls=3 595
1616 3 1195 398
1618 1 30 30
cfl=/usr/lib/python3.10/site-packages/psutil/_pslinux.py
cfn=per_cpu_times:611
calls=1 611
1618 1 1493 1493
fn=_cpu_tot_time:1634
1634 2 7 3
1638 2 11 5
1639 2 7 3
1648 2 9 4
1649 2 7 3
1650 2 6 3
fn=_cpu_busy_time:1653
1653 1 3 3
1657 1 8 8
cfl=/usr/lib/python3.10/site-packages/psutil/__init__.py
cfn=_cpu_tot_time:1634
calls=1 1634
1657 1 20 20
1658 1 4 4
1665 1 4 4
1666 1 3 3
fn=_cpu_times_deltas:1669
1669 1 3 3
1670 1 5 5
1671 1 4 4
1672 11 35 3
1673 10 39 3
1685 10 36 3
1686 10 33 3
1687 1 10 10
cfl=<string>_32
cfn=<lambda>:1
calls=1 1
1687 1 7 7
fn=cpu_percent:1690
1690 1 4 4
1727 1 5 5
1728 1 4 4
1731 1 4 4
1744 1 4 4
1745 1 4 4
1746 1 10 10
cfl=/usr/lib/python3.10/site-packages/psutil/__init__.py
cfn=cpu_times:1593
calls=1 1593
1746 1 246 246
1747 1 1001342 1001342
1755 1 104 104
cfl=/usr/lib/python3.10/site-packages/psutil/__init__.py
cfn=cpu_times:1593
calls=1 1593
1755 1 733 733
1756 1 28 28
cfl=/usr/lib/python3.10/site-packages/psutil/__init__.py
cfn=calculate:1731
calls=1 1731
1756 1 337 337
fn=calculate:1731
1731 1 8 8
1732 1 13 13
cfl=/usr/lib/python3.10/site-packages/psutil/__init__.py
cfn=_cpu_times_deltas:1669
calls=1 1669
1732 1 175 175
1733 1 11 11
cfl=/usr/lib/python3.10/site-packages/psutil/__init__.py
cfn=_cpu_tot_time:1634
calls=1 1634
1733 1 29 29
1734 1 11 11
cfl=/usr/lib/python3.10/site-packages/psutil/__init__.py
cfn=_cpu_busy_time:1653
calls=1 1653
1734 1 45 45
1736 1 4 4
1737 1 5 5
1741 1 32 32
fl=<string>
fn=<module>:1
1 2 13 6
fl=/usr/lib/python3.10/re.py
fn=compile:249
249 10 66 6
251 10 93 9
cfl=/usr/lib/python3.10/re.py
cfn=_compile:288
calls=10 288
251 10 62650 6265
fn=_compile:288
288 10 30 3
290 10 41 4
292 10 29 2
293 10 43 4
294 10 35 3
295 10 32 3
296 10 32 3
301 10 92 9
cfl=/usr/lib/python3.10/sre_compile.py
cfn=isstring:595
calls=10 595
301 10 64 6
303 10 107 10
cfl=/usr/lib/python3.10/sre_compile.py
cfn=compile:759
calls=10 759
303 10 61121 6112
304 10 92 9
cfl=/usr/lib/python3.10/enum.py
cfn=__and__:986
calls=10 986
304 10 823 82
305 10 36 3
311 10 35 3
312 10 30 3
fl=<frozen zipimport>
fn=__init__:64
64 2 11 5
65 2 11 5
68 2 8 4
70 2 10 5
73 2 8 4
74 2 8 4
75 2 8 4
76 2 23 11
cfl=<frozen importlib._bootstrap_external>
cfn=_path_stat:140
calls=2 140
76 2 28 14
87 2 9 4
89 2 15 7
fl=<string>_25
fn=<module>:1
1 2 11 5
fl=<string>_15
fn=<module>:1
1 2 11 5
fl=<string>_8
fn=<module>:1
1 2 11 5
fl=<string>_4
fn=<module>:1
1 2 10 5
fl=<string>_3
fn=<module>:1
1 2 11 5
fl=<string>_10
fn=<module>:1
1 2 11 5
